\BOOKMARK [1][-]{section.1}{\376\377\133\241\213\241\151\202\217\360}{}% 1
\BOOKMARK [2][-]{subsection.1.1}{\376\377\133\241\213\241\166\204\151\202\137\365\116\016\117\335\213\301\172\013\136\246}{section.1}% 2
\BOOKMARK [2][-]{subsection.1.2}{\376\377\133\241\213\241\211\201\175\040}{section.1}% 3
\BOOKMARK [2][-]{subsection.1.3}{\376\377\133\241\213\241\166\356\150\007}{section.1}% 4
\BOOKMARK [2][-]{subsection.1.4}{\376\377\133\241\213\241\127\372\147\054\211\201\154\102}{section.1}% 5
\BOOKMARK [2][-]{subsection.1.5}{\376\377\133\241\213\241\230\316\226\151}{section.1}% 6
\BOOKMARK [1][-]{section.2}{\376\377\133\241\213\241\213\241\122\022}{}% 7
\BOOKMARK [2][-]{subsection.2.1}{\376\377\122\035\153\145\116\032\122\241\155\073\122\250}{section.2}% 8
\BOOKMARK [2][-]{subsection.2.2}{\376\377\140\073\117\123\133\241\213\241\173\126\165\145\124\214\121\167\117\123\133\241\213\241\213\241\122\022}{section.2}% 9
\BOOKMARK [2][-]{subsection.2.3}{\376\377\221\315\211\201\140\047}{section.2}% 10
\BOOKMARK [3][-]{subsubsection.2.3.1}{\376\377\221\315\211\201\140\047\166\204\151\202\137\365}{subsection.2.3}% 11
\BOOKMARK [3][-]{subsubsection.2.3.2}{\376\377\221\315\211\201\140\047\166\204\170\156\133\232}{subsection.2.3}% 12
\BOOKMARK [3][-]{subsubsection.2.3.3}{\376\377\133\241\213\241\217\307\172\013\116\055\117\356\145\071\221\315\211\201\140\047}{subsection.2.3}% 13
\BOOKMARK [3][-]{subsubsection.2.3.4}{\376\377\225\031\142\245}{subsection.2.3}% 14
\BOOKMARK [1][-]{section.3}{\376\377\133\241\213\241\213\301\143\156}{}% 15
\BOOKMARK [1][-]{section.4}{\376\377\133\241\213\241\142\275\150\067\145\271\154\325}{}% 16
\BOOKMARK [1][-]{section.5}{\376\377\117\341\140\157\142\200\147\057\133\371\133\241\213\241\166\204\137\161\124\315}{}% 17
\BOOKMARK [1][-]{section.6}{\376\377\133\241\213\241\135\345\117\134\136\225\172\077}{}% 18
\BOOKMARK [1][-]{section.7}{\376\377\230\316\226\151\213\304\117\060}{}% 19
\BOOKMARK [1][-]{section.8}{\376\377\230\316\226\151\133\371\136\224}{}% 20
\BOOKMARK [1][-]{section.9}{\376\377\225\000\125\056\116\016\145\066\153\076\137\252\163\257\166\204\133\241\213\241}{}% 21
\BOOKMARK [1][-]{section.10}{\376\377\221\307\215\055\116\016\116\330\153\076\137\252\163\257\166\204\133\241\213\241}{}% 22
\BOOKMARK [1][-]{section.11}{\376\377\165\037\116\247\116\016\133\130\215\047\137\252\163\257\166\204\133\241\213\241}{}% 23
\BOOKMARK [1][-]{section.12}{\376\377\215\047\136\001\215\104\221\321\166\204\133\241\213\241}{}% 24
\BOOKMARK [1][-]{section.13}{\376\377\133\371\202\036\137\012\124\214\154\325\137\213\154\325\211\304\166\204\200\003\206\121}{}% 25
\BOOKMARK [1][-]{section.14}{\376\377\133\241\213\241\154\237\220\032}{}% 26
\BOOKMARK [1][-]{section.15}{\376\377\154\350\121\214\117\032\213\241\136\010\122\051\165\050\116\326\116\272\166\204\135\345\117\134}{}% 27
\BOOKMARK [1][-]{section.16}{\376\377\133\371\226\306\126\342\133\241\213\241\166\204\162\171\153\212\200\003\206\121}{}% 28
\BOOKMARK [1][-]{section.17}{\376\377\121\166\116\326\162\171\153\212\230\171\166\356\166\204\133\241\213\241}{}% 29
\BOOKMARK [1][-]{section.18}{\376\377\133\214\142\020\133\241\213\241\135\345\117\134}{}% 30
\BOOKMARK [1][-]{section.19}{\376\377\133\241\213\241\142\245\124\112}{}% 31
\BOOKMARK [1][-]{section.20}{\376\377\117\001\116\032\121\205\220\350\143\247\122\066\133\241\213\241}{}% 32
\BOOKMARK [1][-]{section.21}{\376\377\117\032\213\241\136\010\116\213\122\241\142\100\116\032\122\241\215\050\221\317\173\241\164\006}{}% 33
\BOOKMARK [1][-]{section.22}{\376\377\200\114\116\032\220\123\137\267\127\372\147\054\123\237\122\031\124\214\151\202\137\365\150\106\147\266}{}% 34
\BOOKMARK [1][-]{section.23}{\376\377\133\241\213\241\116\032\122\241\133\371\162\354\172\313\140\047\166\204\211\201\154\102}{}% 35
