\BOOKMARK [1][-]{section.1}{\376\377\154\325\137\213\127\372\147\054\123\237\164\006}{}% 1
\BOOKMARK [2][-]{subsection.1.1}{\376\377\154\325\137\213\127\372\147\054\151\202\137\365}{section.1}% 2
\BOOKMARK [3][-]{subsubsection.1.1.1}{\376\377\142\021\126\375\166\204\154\325\137\213\156\012\156\220}{subsection.1.1}% 3
\BOOKMARK [3][-]{subsubsection.1.1.2}{\376\377\154\325\137\213\211\304\203\003}{subsection.1.1}% 4
\BOOKMARK [2][-]{subsection.1.2}{\376\377\154\325\137\213\121\163\174\373}{section.1}% 5
\BOOKMARK [3][-]{subsubsection.1.2.1}{\376\377\154\325\137\213\121\163\174\373\166\204\116\073\117\123}{subsection.1.2}% 6
\BOOKMARK [3][-]{subsubsection.1.2.2}{\376\377\147\103\122\051\200\375\122\233\124\214\210\114\116\072\200\375\122\233}{subsection.1.2}% 7
\BOOKMARK [3][-]{subsubsection.1.2.3}{\376\377\154\325\137\213\121\163\174\373\166\204\133\242\117\123}{subsection.1.2}% 8
\BOOKMARK [3][-]{subsubsection.1.2.4}{\376\377\154\325\137\213\116\213\133\236}{subsection.1.2}% 9
\BOOKMARK [2][-]{subsection.1.3}{\376\377\121\150\227\142\117\235\154\325\154\273\126\375\127\372\147\054\145\271\165\145}{section.1}% 10
\BOOKMARK [1][-]{section.2}{\376\377\127\372\147\054\154\021\116\213\154\325\137\213\122\066\136\246}{}% 11
\BOOKMARK [2][-]{subsection.2.1}{\376\377\154\021\116\213\154\325\137\213\210\114\116\072\122\066\136\246}{section.2}% 12
\BOOKMARK [2][-]{subsection.2.2}{\376\377\116\343\164\006\122\066\136\246}{section.2}% 13
\BOOKMARK [2][-]{subsection.2.3}{\376\377\213\311\213\274\145\366\145\110\122\066\136\246}{section.2}% 14
\BOOKMARK [1][-]{section.3}{\376\377\162\151\147\103\154\325\137\213\122\066\136\246}{}% 15
\BOOKMARK [2][-]{subsection.3.1}{\376\377\162\151\147\103\154\325\137\213\122\066\136\246\151\202\217\360}{section.3}% 16
\BOOKMARK [2][-]{subsection.3.2}{\376\377\116\015\122\250\116\247\166\204\162\151\147\103\123\330\122\250}{section.3}% 17
\BOOKMARK [3][-]{subsubsection.3.2.1}{\376\377\127\372\116\216\154\325\137\213\210\114\116\072\166\204\162\151\147\103\123\330\122\250}{subsection.3.2}% 18
\BOOKMARK [3][-]{subsubsection.3.2.2}{\376\377\227\136\127\372\116\216\154\325\137\213\210\114\116\072\166\204\162\151\147\103\123\330\122\250}{subsection.3.2}% 19
\BOOKMARK [3][-]{subsubsection.3.2.3}{\376\377\116\015\122\250\116\247\166\173\213\260\122\066\136\246}{subsection.3.2}% 20
\BOOKMARK [2][-]{subsection.3.3}{\376\377\122\250\116\247\122\250\162\151\147\103\123\330\122\250}{section.3}% 21
\BOOKMARK [3][-]{subsubsection.3.3.1}{\376\377\122\250\116\247\166\204\142\100\147\011\147\103}{subsection.3.3}% 22
\BOOKMARK [3][-]{subsubsection.3.3.2}{\376\377\162\171\153\212\166\204\116\244\116\330\145\271\137\017}{subsection.3.3}% 23
\BOOKMARK [3][-]{subsubsection.3.3.3}{\376\377\122\250\116\247\142\100\147\011\147\103\166\204\162\171\153\212\123\326\137\227\145\271\137\017}{subsection.3.3}% 24
\BOOKMARK [2][-]{subsection.3.4}{\376\377\147\011\147\103\131\004\122\006\124\214\145\340\147\103\131\004\122\006}{section.3}% 25
\BOOKMARK [3][-]{subsubsection.3.4.1}{\376\377\147\011\147\103\131\004\122\006}{subsection.3.4}% 26
\BOOKMARK [3][-]{subsubsection.3.4.2}{\376\377\145\340\147\103\131\004\122\006\116\016\125\204\141\017\123\326\137\227\122\066\136\246}{subsection.3.4}% 27
\BOOKMARK [3][-]{subsubsection.3.4.3}{\376\377\142\376\137\227\220\127\131\061\162\151}{subsection.3.4}% 28
\BOOKMARK [2][-]{subsection.3.5}{\376\377\121\161\147\011}{section.3}% 29
\BOOKMARK [3][-]{subsubsection.3.5.1}{\376\377\127\372\147\054\211\304\133\232}{subsection.3.5}% 30
\BOOKMARK [3][-]{subsubsection.3.5.2}{\376\377\143\011\116\375\121\161\147\011\116\272\217\154\213\251\201\352\135\361\166\204\116\052\116\272\116\375\230\235}{subsection.3.5}% 31
\BOOKMARK [3][-]{subsubsection.3.5.3}{\376\377\121\161\147\011\162\151\166\204\131\004\122\006}{subsection.3.5}% 32
\BOOKMARK [2][-]{subsection.3.6}{\376\377\136\372\213\276\165\050\127\060\117\177\165\050\147\103}{section.3}% 33
\BOOKMARK [3][-]{subsubsection.3.6.1}{\376\377\136\372\213\276\165\050\127\060\117\177\165\050\147\103\166\204\213\276\172\313}{subsection.3.6}% 34
\BOOKMARK [3][-]{subsubsection.3.6.2}{\376\377\136\372\213\276\165\050\127\060\117\177\165\050\147\103\166\204\147\037\226\120}{subsection.3.6}% 35
\BOOKMARK [3][-]{subsubsection.3.6.3}{\376\377\136\372\213\276\165\050\127\060\117\177\165\050\147\103\166\204\217\154\213\251}{subsection.3.6}% 36
\BOOKMARK [3][-]{subsubsection.3.6.4}{\376\377\226\306\117\123\127\037\127\060\166\204\136\372\213\276\117\177\165\050}{subsection.3.6}% 37
\BOOKMARK [2][-]{subsection.3.7}{\376\377\142\305\117\335\166\204\116\000\202\054\211\304\133\232}{section.3}% 38
\BOOKMARK [3][-]{subsubsection.3.7.1}{\376\377\142\305\117\335\166\204\174\173\127\213}{subsection.3.7}% 39
\BOOKMARK [3][-]{subsubsection.3.7.2}{\376\377\142\305\117\335\124\010\124\014\166\204\145\110\122\233}{subsection.3.7}% 40
\BOOKMARK [3][-]{subsubsection.3.7.3}{\376\377\142\305\117\335\124\010\124\014\145\340\145\110\166\204\154\325\137\213\215\043\116\373}{subsection.3.7}% 41
\BOOKMARK [3][-]{subsubsection.3.7.4}{\376\377\120\037\145\260\217\330\145\347\166\204\142\305\117\335\215\043\116\373}{subsection.3.7}% 42
\BOOKMARK [3][-]{subsubsection.3.7.5}{\376\377\116\015\123\357\122\006\140\047}{subsection.3.7}% 43
\BOOKMARK [2][-]{subsection.3.8}{\376\377\142\265\142\274\147\103}{section.3}% 44
\BOOKMARK [3][-]{subsubsection.3.8.1}{\376\377\142\265\142\274\215\042\116\247}{subsection.3.8}% 45
\BOOKMARK [3][-]{subsubsection.3.8.2}{\376\377\142\265\142\274\124\010\124\014}{subsection.3.8}% 46
\BOOKMARK [3][-]{subsubsection.3.8.3}{\376\377\116\015\122\250\116\247\166\204\142\265\142\274}{subsection.3.8}% 47
\BOOKMARK [3][-]{subsubsection.3.8.4}{\376\377\122\250\116\247\166\204\142\265\142\274}{subsection.3.8}% 48
\BOOKMARK [3][-]{subsubsection.3.8.5}{\376\377\122\250\116\247\166\204\155\156\122\250\142\265\142\274}{subsection.3.8}% 49
\BOOKMARK [3][-]{subsubsection.3.8.6}{\376\377\142\265\142\274\162\151\166\204\217\154\213\251}{subsection.3.8}% 50
\BOOKMARK [3][-]{subsubsection.3.8.7}{\376\377\142\265\142\274\162\151\166\204\121\372\171\337}{subsection.3.8}% 51
\BOOKMARK [3][-]{subsubsection.3.8.8}{\376\377\142\265\142\274\147\103\166\204\145\110\122\233}{subsection.3.8}% 52
\BOOKMARK [2][-]{subsection.3.9}{\376\377\215\050\147\103}{section.3}% 53
\BOOKMARK [3][-]{subsubsection.3.9.1}{\376\377\122\250\116\247\215\050\142\274}{subsection.3.9}% 54
\BOOKMARK [3][-]{subsubsection.3.9.2}{\376\377\147\103\122\051\215\050\142\274}{subsection.3.9}% 55
\BOOKMARK [2][-]{subsection.3.10}{\376\377\165\131\177\156\147\103}{section.3}% 56
\BOOKMARK [3][-]{subsubsection.3.10.1}{\376\377\165\131\177\156\147\103}{subsection.3.10}% 57
\BOOKMARK [3][-]{subsubsection.3.10.2}{\376\377\142\305\117\335\162\151\147\103\116\016\213\311\213\274\145\366\145\110}{subsection.3.10}% 58
\BOOKMARK [2][-]{subsection.3.11}{\376\377\142\305\117\335\166\204\136\166\133\130}{section.3}% 59
\BOOKMARK [3][-]{subsubsection.3.11.1}{\376\377\116\272\117\335\000+\162\151\117\335}{subsection.3.11}% 60
\BOOKMARK [3][-]{subsubsection.3.11.2}{\376\377\122\250\116\247\142\265\142\274\147\103\060\001\215\050\147\103\116\016\165\131\177\156\147\103\166\204\172\336\133\130}{subsection.3.11}% 61
\BOOKMARK [3][-]{subsubsection.3.11.3}{\376\377\122\250\116\247\142\265\142\274\147\103\116\272\166\204\215\205\176\247\117\030\121\110\147\103}{subsection.3.11}% 62
\BOOKMARK [3][-]{subsubsection.3.11.4}{\376\377\213\251\116\016\142\305\117\335}{subsection.3.11}% 63
\BOOKMARK [1][-]{section.4}{\376\377\124\010\124\014\154\325\137\213\122\066\136\246}{}% 64
\BOOKMARK [1][-]{section.5}{\376\377\124\010\117\031\117\001\116\032\154\325\137\213\122\066\136\246}{}% 65
\BOOKMARK [1][-]{section.6}{\376\377\121\154\123\370\154\325\137\213\122\066\136\246}{}% 66
\BOOKMARK [1][-]{section.7}{\376\377\213\301\122\070\154\325\137\213\122\066\136\246}{}% 67
\BOOKMARK [1][-]{section.8}{\376\377\117\001\116\032\170\064\116\247\154\325\137\213\122\066\136\246}{}% 68
\BOOKMARK [1][-]{section.9}{\376\377\171\150\143\156\116\016\145\057\116\330\176\323\173\227\154\325\137\213\122\066\136\246}{}% 69
\BOOKMARK [1][-]{section.10}{\376\377\117\001\116\032\126\375\147\011\215\104\116\247\154\325\137\213\122\066\136\246}{}% 70
\BOOKMARK [1][-]{section.11}{\376\377\123\315\127\204\145\255\154\325\137\213\122\066\136\246}{}% 71
\BOOKMARK [1][-]{section.12}{\376\377\155\211\131\026\154\325\137\213\122\066\136\246}{}% 72
