\BOOKMARK [1][-]{section.1}{\376\377\127\372\170\100\167\345\213\306}{}% 1
\BOOKMARK [2][-]{subsection.1.1}{\376\377\122\051\163\207\166\370\121\163}{section.1}% 2
\BOOKMARK [2][-]{subsection.1.2}{\376\377\153\317\172\340\124\214\215\071\165\050\166\370\121\163}{section.1}% 3
\BOOKMARK [2][-]{subsection.1.3}{\376\377\200\375\217\154\126\336\166\204\121\317\120\074\121\306\131\007}{section.1}% 4
\BOOKMARK [1][-]{section.2}{\376\377\133\130\215\047}{}% 5
\BOOKMARK [2][-]{subsection.2.1}{\376\377\133\130\215\047\166\204\170\156\213\244\124\214\122\035\131\313\213\241\221\317}{section.2}% 6
\BOOKMARK [2][-]{subsection.2.2}{\376\377\123\321\121\372\133\130\215\047\166\204\213\241\221\317}{section.2}% 7
\BOOKMARK [2][-]{subsection.2.3}{\376\377\147\037\147\053\133\130\215\047\166\204\213\241\221\317}{section.2}% 8
\BOOKMARK [2][-]{subsection.2.4}{\376\377\133\130\215\047\166\204\156\005\147\345\166\330\160\271}{section.2}% 9
\BOOKMARK [1][-]{section.3}{\376\377\126\372\133\232\215\104\116\247}{}% 10
\BOOKMARK [2][-]{subsection.3.1}{\376\377\170\156\213\244\124\214\122\035\131\313\213\241\221\317}{section.3}% 11
\BOOKMARK [2][-]{subsection.3.2}{\376\377\124\016\176\355\213\241\221\317}{section.3}% 12
\BOOKMARK [3][-]{subsubsection.3.2.1}{\376\377\142\230\145\347}{subsection.3.2}% 13
\BOOKMARK [2][-]{subsection.3.3}{\376\377\131\004\177\156}{section.3}% 14
\BOOKMARK [3][-]{subsubsection.3.3.1}{\376\377\126\372\133\232\215\104\116\247\166\204\156\005\147\345}{subsection.3.3}% 15
\BOOKMARK [1][-]{section.4}{\376\377\145\340\137\142\215\104\116\247}{}% 16
\BOOKMARK [2][-]{subsection.4.1}{\376\377\170\156\213\244\116\016\122\035\131\313\213\241\221\317}{section.4}% 17
\BOOKMARK [2][-]{subsection.4.2}{\376\377\121\205\220\350\170\024\172\166\137\000\123\321\145\057\121\372\166\204\170\156\213\244\124\214\213\241\221\317}{section.4}% 18
\BOOKMARK [2][-]{subsection.4.3}{\376\377\124\016\176\355\213\241\221\317}{section.4}% 19
\BOOKMARK [2][-]{subsection.4.4}{\376\377\131\004\177\156}{section.4}% 20
\BOOKMARK [3][-]{subsubsection.4.4.1}{\376\377\121\372\125\056}{subsection.4.4}% 21
\BOOKMARK [3][-]{subsubsection.4.4.2}{\376\377\121\372\171\337}{subsection.4.4}% 22
\BOOKMARK [3][-]{subsubsection.4.4.3}{\376\377\142\245\136\237}{subsection.4.4}% 23
\BOOKMARK [1][-]{section.5}{\376\377\142\225\215\104\140\047\142\077\127\060\116\247}{}% 24
\BOOKMARK [2][-]{subsection.5.1}{\376\377\170\156\213\244\116\016\122\035\131\313\213\241\221\317}{section.5}% 25
\BOOKMARK [2][-]{subsection.5.2}{\376\377\124\016\176\355\213\241\221\317}{section.5}% 26
\BOOKMARK [3][-]{subsubsection.5.2.1}{\376\377\142\020\147\054\152\041\137\017}{subsection.5.2}% 27
\BOOKMARK [3][-]{subsubsection.5.2.2}{\376\377\121\154\121\101\116\367\120\074\152\041\137\017}{subsection.5.2}% 28
\BOOKMARK [3][-]{subsubsection.5.2.3}{\376\377\152\041\137\017\145\071\123\330}{subsection.5.2}% 29
\BOOKMARK [2][-]{subsection.5.3}{\376\377\217\154\143\142\116\016\131\004\177\156}{section.5}% 30
\BOOKMARK [3][-]{subsubsection.5.3.1}{\376\377\217\154\143\142}{subsection.5.3}% 31
\BOOKMARK [3][-]{subsubsection.5.3.2}{\376\377\131\004\177\156}{subsection.5.3}% 32
\BOOKMARK [1][-]{section.6}{\376\377\225\177\147\037\200\241\147\103\142\225\215\104\116\016\124\010\204\045\133\211\143\222}{}% 33
\BOOKMARK [2][-]{subsection.6.1}{\376\377\127\372\147\054\151\202\137\365}{section.6}% 34
\BOOKMARK [2][-]{subsection.6.2}{\376\377\122\035\131\313\213\241\221\317}{section.6}% 35
\BOOKMARK [1][-]{section.7}{\376\377\215\104\116\247\121\317\120\074}{}% 36
\BOOKMARK [2][-]{subsection.7.1}{\376\377\215\104\116\247\121\317\120\074\151\202\217\360}{section.7}% 37
\BOOKMARK [2][-]{subsection.7.2}{\376\377\215\104\116\247\123\357\145\066\126\336\221\321\230\235\166\204\213\241\221\317}{section.7}% 38
\BOOKMARK [3][-]{subsubsection.7.2.1}{\376\377\215\104\116\247\121\154\121\101\116\367\120\074\121\317\123\273\131\004\177\156\215\071\165\050}{subsection.7.2}% 39
\BOOKMARK [3][-]{subsubsection.7.2.2}{\376\377\147\052\147\145\163\260\221\321\155\101\221\317\166\204\163\260\120\074}{subsection.7.2}% 40
\BOOKMARK [2][-]{subsection.7.3}{\376\377\215\104\116\247\121\317\120\074\143\137\131\061\166\204\170\156\213\244\116\016\213\241\221\317}{section.7}% 41
\BOOKMARK [2][-]{subsection.7.4}{\376\377\215\104\116\247\176\304\166\204\213\244\133\232\123\312\121\317\120\074\131\004\164\006}{section.7}% 42
\BOOKMARK [2][-]{subsection.7.5}{\376\377\125\106\212\211\121\317\120\074\155\113\213\325\116\016\131\004\164\006}{section.7}% 43
\BOOKMARK [2][-]{subsection.7.6}{\376\377\134\017\176\323}{section.7}% 44
\BOOKMARK [1][-]{section.8}{\376\377\215\037\120\072}{}% 45
\BOOKMARK [2][-]{subsection.8.1}{\376\377\155\101\122\250\215\037\120\072}{section.8}% 46
\BOOKMARK [3][-]{subsubsection.8.1.1}{\376\377\167\355\147\037\120\037\153\076}{subsection.8.1}% 47
\BOOKMARK [3][-]{subsubsection.8.1.2}{\376\377\136\224\116\330\171\150\143\156}{subsection.8.1}% 48
\BOOKMARK [3][-]{subsubsection.8.1.3}{\376\377\136\224\116\330\215\046\153\076}{subsection.8.1}% 49
\BOOKMARK [3][-]{subsubsection.8.1.4}{\376\377\136\224\116\244\172\016\215\071}{subsection.8.1}% 50
\BOOKMARK [3][-]{subsubsection.8.1.5}{\376\377\136\224\116\330\200\241\122\051\377\010\163\260\221\321\200\241\122\051\377\011}{subsection.8.1}% 51
\BOOKMARK [3][-]{subsubsection.8.1.6}{\376\377\121\166\116\326\136\224\116\330\153\076}{subsection.8.1}% 52
\BOOKMARK [2][-]{subsection.8.2}{\376\377\227\136\155\101\122\250\215\037\120\072}{section.8}% 53
\BOOKMARK [3][-]{subsubsection.8.2.1}{\376\377\225\177\147\037\120\037\153\076}{subsection.8.2}% 54
\BOOKMARK [3][-]{subsubsection.8.2.2}{\376\377\121\154\123\370\120\072\122\070}{subsection.8.2}% 55
\BOOKMARK [3][-]{subsubsection.8.2.3}{\376\377\225\177\147\037\136\224\116\330\153\076}{subsection.8.2}% 56
\BOOKMARK [2][-]{subsection.8.3}{\376\377\134\017\176\323}{section.8}% 57
\BOOKMARK [1][-]{section.9}{\376\377\200\114\135\345\205\252\221\154}{}% 58
\BOOKMARK [2][-]{subsection.9.1}{\376\377\200\114\135\345\124\214\200\114\135\345\205\252\221\154\166\204\203\003\126\364\123\312\122\006\174\173}{section.9}% 59
\BOOKMARK [2][-]{subsection.9.2}{\376\377\167\355\147\037\205\252\221\154\166\204\170\156\213\244\116\016\213\241\221\317}{section.9}% 60
\BOOKMARK [3][-]{subsubsection.9.2.1}{\376\377\215\047\136\001\140\047\167\355\147\037\205\252\221\154}{subsection.9.2}% 61
\BOOKMARK [3][-]{subsubsection.9.2.2}{\376\377\136\046\205\252\177\072\122\344}{subsection.9.2}% 62
\BOOKMARK [3][-]{subsubsection.9.2.3}{\376\377\167\355\147\037\122\051\155\246\122\006\116\253\213\241\122\022}{subsection.9.2}% 63
\BOOKMARK [3][-]{subsubsection.9.2.4}{\376\377\227\136\215\047\136\001\140\047\171\217\122\051}{subsection.9.2}% 64
\BOOKMARK [2][-]{subsection.9.3}{\376\377\171\273\200\114\124\016\171\217\122\051\166\204\170\156\213\244\116\016\213\241\221\317}{section.9}% 65
\BOOKMARK [3][-]{subsubsection.9.3.1}{\376\377\213\276\133\232\143\320\133\130\213\241\122\022}{subsection.9.3}% 66
\BOOKMARK [3][-]{subsubsection.9.3.2}{\376\377\213\276\133\232\145\066\166\312\213\241\122\022}{subsection.9.3}% 67
\BOOKMARK [2][-]{subsection.9.4}{\376\377\217\236\220\000\171\217\122\051\166\204\170\156\213\244\116\016\213\241\221\317}{section.9}% 68
\BOOKMARK [2][-]{subsection.9.5}{\376\377\121\166\116\326\225\177\147\037\200\114\135\345\171\217\122\051\166\204\170\156\213\244\116\016\213\241\221\317}{section.9}% 69
\BOOKMARK [1][-]{section.10}{\376\377\200\241\116\375\145\057\116\330}{}% 70
\BOOKMARK [2][-]{subsection.10.1}{\376\377\200\241\116\375\145\057\116\330\151\202\217\360}{section.10}% 71
\BOOKMARK [3][-]{subsubsection.10.1.1}{\376\377\200\241\116\375\145\057\116\330\166\204\124\053\116\111\124\214\162\171\137\201}{subsection.10.1}% 72
\BOOKMARK [3][-]{subsubsection.10.1.2}{\376\377\200\241\116\375\145\057\116\330\166\204\126\333\116\052\116\073\211\201\163\257\202\202}{subsection.10.1}% 73
\BOOKMARK [3][-]{subsubsection.10.1.3}{\376\377\200\241\116\375\145\057\116\330\135\345\121\167\166\204\116\073\211\201\174\173\127\213}{subsection.10.1}% 74
\BOOKMARK [2][-]{subsection.10.2}{\376\377\200\241\116\375\145\057\116\330\166\204\170\156\213\244\124\214\213\241\221\317}{section.10}% 75
\BOOKMARK [3][-]{subsubsection.10.2.1}{\376\377\200\241\116\375\145\057\116\330\135\345\121\167\166\204\170\156\213\244\124\214\213\241\221\317\123\237\122\031}{subsection.10.2}% 76
\BOOKMARK [3][-]{subsubsection.10.2.2}{\376\377\123\357\210\114\147\103\147\141\116\366\166\204\171\315\174\173\060\001\131\004\164\006\124\214\117\356\145\071}{subsection.10.2}% 77
\BOOKMARK [3][-]{subsubsection.10.2.3}{\376\377\147\103\166\312\135\345\121\167\166\204\121\154\121\101\116\367\120\074\166\204\170\156\133\232}{subsection.10.2}% 78
\BOOKMARK [3][-]{subsubsection.10.2.4}{\376\377\200\241\116\375\145\057\116\330\166\204\131\004\164\006}{subsection.10.2}% 79
\BOOKMARK [3][-]{subsubsection.10.2.5}{\376\377\226\306\126\342\200\241\116\375\145\057\116\330\166\204\131\004\164\006}{subsection.10.2}% 80
\BOOKMARK [2][-]{subsection.10.3}{\376\377\136\224\165\050\116\076\117\213}{section.10}% 81
\BOOKMARK [3][-]{subsubsection.10.3.1}{\376\377\226\104\136\046\147\015\122\241\136\164\226\120\147\141\116\366\166\204\147\103\166\312\176\323\173\227\166\204\200\241\116\375\145\057\116\330}{subsection.10.3}% 82
\BOOKMARK [3][-]{subsubsection.10.3.2}{\376\377\226\104\136\046\136\002\127\072\116\032\176\351\147\141\116\366\166\204\147\103\166\312\176\323\173\227\166\204\200\241\116\375\145\057\116\330}{subsection.10.3}% 83
\BOOKMARK [3][-]{subsubsection.10.3.3}{\376\377\163\260\221\321\176\323\173\227\166\204\200\241\116\375\145\057\116\330}{subsection.10.3}% 84
\BOOKMARK [1][-]{section.11}{\376\377\120\037\153\076\215\071\165\050}{}% 85
\BOOKMARK [2][-]{subsection.11.1}{\376\377\120\037\153\076\215\071\165\050\151\202\217\360}{section.11}% 86
\BOOKMARK [3][-]{subsubsection.11.1.1}{\376\377\120\037\153\076\215\071\165\050\166\204\203\003\126\364}{subsection.11.1}% 87
\BOOKMARK [3][-]{subsubsection.11.1.2}{\376\377\120\037\153\076\166\204\203\003\126\364}{subsection.11.1}% 88
\BOOKMARK [3][-]{subsubsection.11.1.3}{\376\377\173\046\124\010\215\104\147\054\123\026\147\141\116\366\166\204\215\104\116\247}{subsection.11.1}% 89
\BOOKMARK [2][-]{subsection.11.2}{\376\377\120\037\153\076\215\071\165\050\166\204\170\156\213\244}{section.11}% 90
\BOOKMARK [3][-]{subsubsection.11.2.1}{\376\377\120\037\153\076\215\071\165\050\137\000\131\313\215\104\147\054\123\026\166\204\145\366\160\271}{subsection.11.2}% 91
\BOOKMARK [3][-]{subsubsection.11.2.2}{\376\377\120\037\153\076\215\071\165\050\146\202\120\134\215\104\147\054\123\026\166\204\145\366\225\364}{subsection.11.2}% 92
\BOOKMARK [3][-]{subsubsection.11.2.3}{\376\377\120\037\153\076\215\071\165\050\120\134\153\142\215\104\147\054\123\026\166\204\145\366\160\271}{subsection.11.2}% 93
\BOOKMARK [2][-]{subsection.11.3}{\376\377\120\037\153\076\215\071\165\050\166\204\213\241\221\317}{section.11}% 94
\BOOKMARK [3][-]{subsubsection.11.3.1}{\376\377\120\037\153\076\122\051\140\157\215\104\147\054\123\026\221\321\230\235\166\204\170\156\213\244}{subsection.11.3}% 95
\BOOKMARK [3][-]{subsubsection.11.3.2}{\376\377\120\037\153\076\217\205\122\251\215\071\165\050\215\104\147\054\123\026\221\321\230\235\166\204\170\156\213\244}{subsection.11.3}% 96
\BOOKMARK [3][-]{subsubsection.11.3.3}{\376\377\131\026\136\001\116\023\225\350\120\037\153\076\154\107\121\121\135\356\230\235\215\104\147\054\123\026\221\321\230\235\166\204\170\156\133\232}{subsection.11.3}% 97
\BOOKMARK [1][-]{section.12}{\376\377\142\026\147\011\116\213\230\171}{}% 98
\BOOKMARK [2][-]{subsection.12.1}{\376\377\142\026\147\011\116\213\230\171\151\202\217\360}{section.12}% 99
\BOOKMARK [3][-]{subsubsection.12.1.1}{\376\377\142\026\147\011\116\213\230\171\166\204\151\202\137\365\124\214\162\171\137\201}{subsection.12.1}% 100
\BOOKMARK [3][-]{subsubsection.12.1.2}{\376\377\142\026\147\011\215\104\116\247\124\214\142\026\147\011\215\037\120\072}{subsection.12.1}% 101
\BOOKMARK [2][-]{subsection.12.2}{\376\377\142\026\147\011\116\213\230\171\166\204\170\156\213\244\124\214\213\241\221\317}{section.12}% 102
\BOOKMARK [3][-]{subsubsection.12.2.1}{\376\377\142\026\147\011\116\213\230\171\166\204\170\156\213\244}{subsection.12.2}% 103
\BOOKMARK [3][-]{subsubsection.12.2.2}{\376\377\230\204\213\241\215\037\120\072\166\204\213\241\221\317}{subsection.12.2}% 104
\BOOKMARK [3][-]{subsubsection.12.2.3}{\376\377\133\371\230\204\213\241\215\037\120\072\215\046\227\142\116\367\120\074\166\204\131\015\150\070}{subsection.12.2}% 105
\BOOKMARK [2][-]{subsection.12.3}{\376\377\142\026\147\011\116\213\230\171\117\032\213\241\131\004\164\006\166\204\121\167\117\123\136\224\165\050}{section.12}% 106
\BOOKMARK [3][-]{subsubsection.12.3.1}{\376\377\147\052\121\263\213\311\213\274\142\026\147\052\121\263\116\362\210\301}{subsection.12.3}% 107
\BOOKMARK [3][-]{subsubsection.12.3.2}{\376\377\120\072\122\241\142\305\117\335}{subsection.12.3}% 108
\BOOKMARK [3][-]{subsubsection.12.3.3}{\376\377\116\247\124\301\215\050\221\317\117\335\213\301}{subsection.12.3}% 109
\BOOKMARK [3][-]{subsubsection.12.3.4}{\376\377\116\217\143\137\124\010\124\014}{subsection.12.3}% 110
\BOOKMARK [3][-]{subsubsection.12.3.5}{\376\377\221\315\176\304\116\111\122\241}{subsection.12.3}% 111
\BOOKMARK [2][-]{subsection.12.4}{\376\377\142\026\147\011\116\213\230\171\166\204\122\027\142\245}{section.12}% 112
\BOOKMARK [3][-]{subsubsection.12.4.1}{\376\377\230\204\213\241\215\037\120\072\166\204\122\027\142\245}{subsection.12.4}% 113
\BOOKMARK [3][-]{subsubsection.12.4.2}{\376\377\142\026\147\011\215\037\120\072\166\204\142\253\227\062}{subsection.12.4}% 114
\BOOKMARK [3][-]{subsubsection.12.4.3}{\376\377\142\026\147\011\215\104\116\247\166\204\142\253\227\062}{subsection.12.4}% 115
\BOOKMARK [1][-]{section.13}{\376\377\221\321\207\215\135\345\121\167}{}% 116
\BOOKMARK [2][-]{subsection.13.1}{\376\377\221\321\207\215\135\345\121\167\151\202\217\360}{section.13}% 117
\BOOKMARK [3][-]{subsubsection.13.1.1}{\376\377\221\321\207\215\215\104\116\247\124\214\221\321\207\215\215\037\120\072\166\204\124\053\116\111}{subsection.13.1}% 118
\BOOKMARK [3][-]{subsubsection.13.1.2}{\376\377\210\115\165\037\135\345\121\167}{subsection.13.1}% 119
\BOOKMARK [2][-]{subsection.13.2}{\376\377\221\321\207\215\215\104\116\247\124\214\221\321\207\215\215\037\120\072\166\204\122\006\174\173}{section.13}% 120
\BOOKMARK [3][-]{subsubsection.13.2.1}{\376\377\221\321\207\215\215\104\116\247\166\204\122\006\174\173}{subsection.13.2}% 121
\BOOKMARK [3][-]{subsubsection.13.2.2}{\376\377\221\321\207\215\215\037\120\072\166\204\122\006\174\173}{subsection.13.2}% 122
\BOOKMARK [2][-]{subsection.13.3}{\376\377\221\321\207\215\215\037\120\072\124\214\147\103\166\312\135\345\121\167\166\204\123\072\122\006}{section.13}% 123
\BOOKMARK [3][-]{subsubsection.13.3.1}{\376\377\221\321\207\215\215\037\120\072\124\214\147\103\166\312\135\345\121\167\166\204\123\072\122\006}{subsection.13.3}% 124
\BOOKMARK [3][-]{subsubsection.13.3.2}{\376\377\131\015\124\010\221\321\207\215\135\345\121\167}{subsection.13.3}% 125
\BOOKMARK [3][-]{subsubsection.13.3.3}{\376\377\154\070\176\355\120\072\173\111\174\173\117\074\221\321\207\215\135\345\121\167\166\204\117\032\213\241\131\004\164\006}{subsection.13.3}% 126
\BOOKMARK [2][-]{subsection.13.4}{\376\377\221\321\207\215\135\345\121\167\166\204\213\241\221\317\124\214\221\315\122\006\174\173}{section.13}% 127
\BOOKMARK [3][-]{subsubsection.13.4.1}{\376\377\221\321\207\215\215\104\116\247\124\214\221\321\207\215\215\037\120\072\166\204\122\035\131\313\213\241\221\317}{subsection.13.4}% 128
\BOOKMARK [3][-]{subsubsection.13.4.2}{\376\377\221\321\207\215\215\104\116\247\166\204\124\016\176\355\213\241\221\317}{subsection.13.4}% 129
\BOOKMARK [3][-]{subsubsection.13.4.3}{\376\377\221\321\207\215\215\037\120\072\166\204\124\016\176\355\213\241\221\317}{subsection.13.4}% 130
\BOOKMARK [3][-]{subsubsection.13.4.4}{\376\377\221\321\207\215\135\345\121\167\166\204\121\317\120\074}{subsection.13.4}% 131
\BOOKMARK [3][-]{subsubsection.13.4.5}{\376\377\221\321\207\215\135\345\121\167\166\204\221\315\122\006\174\173}{subsection.13.4}% 132
\BOOKMARK [2][-]{subsection.13.5}{\376\377\221\321\207\215\215\104\116\247\217\154\171\373}{section.13}% 133
\BOOKMARK [3][-]{subsubsection.13.5.1}{\376\377\221\321\207\215\215\104\116\247\176\310\153\142\170\156\213\244\166\204\116\000\202\054\123\237\122\031}{subsection.13.5}% 134
\BOOKMARK [3][-]{subsubsection.13.5.2}{\376\377\221\321\207\215\215\104\116\247\176\310\153\142\170\156\213\244\166\204\122\044\145\255\155\101\172\013}{subsection.13.5}% 135
\BOOKMARK [3][-]{subsubsection.13.5.3}{\376\377\221\321\207\215\215\104\116\247\217\154\171\373\166\204\117\032\213\241\131\004\164\006}{subsection.13.5}% 136
\BOOKMARK [2][-]{subsection.13.6}{\376\377\131\127\147\037\117\032\213\241}{section.13}% 137
\BOOKMARK [3][-]{subsubsection.13.6.1}{\376\377\131\127\147\037\117\032\213\241\151\202\217\360}{subsection.13.6}% 138
\BOOKMARK [3][-]{subsubsection.13.6.2}{\376\377\131\127\147\037\135\345\121\167\124\214\210\253\131\127\147\037\230\171\166\356}{subsection.13.6}% 139
\BOOKMARK [3][-]{subsubsection.13.6.3}{\376\377\131\127\147\037\121\163\174\373\213\304\117\060}{subsection.13.6}% 140
\BOOKMARK [3][-]{subsubsection.13.6.4}{\376\377\170\156\213\244\124\214\213\241\221\317}{subsection.13.6}% 141
\BOOKMARK [3][-]{subsubsection.13.6.5}{\376\377\117\341\165\050\230\316\226\151\145\136\123\343\166\204\121\154\121\101\116\367\120\074\220\011\142\351\147\103}{subsection.13.6}% 142
\BOOKMARK [2][-]{subsection.13.7}{\376\377\221\321\207\215\135\345\121\167\166\204\142\253\227\062}{section.13}% 143
\BOOKMARK [3][-]{subsubsection.13.7.1}{\376\377\221\321\207\215\135\345\121\167\116\000\202\054\117\341\140\157\142\253\227\062\211\201\154\102}{subsection.13.7}% 144
\BOOKMARK [3][-]{subsubsection.13.7.2}{\376\377\215\104\116\247\215\037\120\072\210\150\166\370\121\163\117\341\140\157\166\204\142\253\227\062}{subsection.13.7}% 145
\BOOKMARK [3][-]{subsubsection.13.7.3}{\376\377\122\051\155\246\210\150\166\370\121\163\117\341\140\157\166\204\142\253\227\062}{subsection.13.7}% 146
\BOOKMARK [3][-]{subsubsection.13.7.4}{\376\377\121\154\121\101\116\367\120\074\166\370\121\163\117\341\140\157\166\204\142\253\227\062}{subsection.13.7}% 147
\BOOKMARK [3][-]{subsubsection.13.7.5}{\376\377\221\321\207\215\135\345\121\167\230\316\226\151\117\341\140\157\142\253\227\062}{subsection.13.7}% 148
\BOOKMARK [1][-]{section.14}{\376\377\171\337\215\101}{}% 149
\BOOKMARK [2][-]{subsection.14.1}{\376\377\171\337\215\101\151\202\217\360}{section.14}% 150
\BOOKMARK [3][-]{subsubsection.14.1.1}{\376\377\220\002\165\050\203\003\126\364}{subsection.14.1}% 151
\BOOKMARK [3][-]{subsubsection.14.1.2}{\376\377\171\337\215\101\166\204\213\306\122\053}{subsection.14.1}% 152
\BOOKMARK [3][-]{subsubsection.14.1.3}{\376\377\171\337\215\101\147\204\142\020\211\201\175\040\166\204\121\167\117\123\122\044\145\255}{subsection.14.1}% 153
\BOOKMARK [3][-]{subsubsection.14.1.4}{\376\377\171\337\215\101\166\204\122\006\142\306\116\016\124\010\136\166}{subsection.14.1}% 154
\BOOKMARK [3][-]{subsubsection.14.1.5}{\376\377\171\337\215\101\147\037}{subsection.14.1}% 155
\BOOKMARK [2][-]{subsection.14.2}{\376\377\142\177\171\337\116\272\117\032\213\241\131\004\164\006}{section.14}% 156
\BOOKMARK [3][-]{subsubsection.14.2.1}{\376\377\127\372\147\054\131\004\164\006\123\237\122\031}{subsection.14.2}% 157
\BOOKMARK [3][-]{subsubsection.14.2.2}{\376\377\166\370\121\163\151\202\137\365}{subsection.14.2}% 158
\BOOKMARK [3][-]{subsubsection.14.2.3}{\376\377\122\035\131\313\213\241\221\317}{subsection.14.2}% 159
\BOOKMARK [3][-]{subsubsection.14.2.4}{\376\377\124\016\176\355\213\241\221\317}{subsection.14.2}% 160
\BOOKMARK [3][-]{subsubsection.14.2.5}{\376\377\167\355\147\037\171\337\215\101\124\214\117\116\116\367\120\074\215\104\116\247\171\337\215\101}{subsection.14.2}% 161
\BOOKMARK [2][-]{subsection.14.3}{\376\377\121\372\171\337\116\272\117\032\213\241\131\004\164\006}{section.14}% 162
\BOOKMARK [3][-]{subsubsection.14.3.1}{\376\377\121\372\171\337\116\272\166\204\171\337\215\101\122\006\174\173}{subsection.14.3}% 163
\BOOKMARK [3][-]{subsubsection.14.3.2}{\376\377\121\372\171\337\116\272\133\371\207\215\215\104\171\337\215\101\166\204\117\032\213\241\131\004\164\006}{subsection.14.3}% 164
\BOOKMARK [3][-]{subsubsection.14.3.3}{\376\377\121\372\171\337\116\272\133\371\176\317\204\045\171\337\215\101\166\204\117\032\213\241\131\004\164\006}{subsection.14.3}% 165
\BOOKMARK [2][-]{subsection.14.4}{\376\377\162\171\153\212\171\337\215\101\116\032\122\241\166\204\117\032\213\241\131\004\164\006}{section.14}% 166
\BOOKMARK [3][-]{subsubsection.14.4.1}{\376\377\217\154\171\337\215\101}{subsection.14.4}% 167
\BOOKMARK [3][-]{subsubsection.14.4.2}{\376\377\165\037\116\247\125\106\142\026\176\317\225\000\125\106\121\372\171\337\116\272\166\204\207\215\215\104\171\337\215\101\117\032\213\241\131\004\164\006}{subsection.14.4}% 168
\BOOKMARK [3][-]{subsubsection.14.4.3}{\376\377\125\056\124\016\171\337\126\336\116\244\146\023\166\204\117\032\213\241\131\004\164\006}{subsection.14.4}% 169
\BOOKMARK [1][-]{section.15}{\376\377\143\001\147\011\137\205\125\056\166\204\227\136\155\101\122\250\215\104\116\247\060\001\131\004\177\156\176\304\124\214\176\310\153\142\176\317\204\045}{}% 170
\BOOKMARK [2][-]{subsection.15.1}{\376\377\143\001\147\011\137\205\125\056\166\204\227\136\155\101\122\250\215\104\116\247\124\214\131\004\177\156\176\304}{section.15}% 171
\BOOKMARK [3][-]{subsubsection.15.1.1}{\376\377\143\001\147\011\137\205\125\056\174\173\122\053\166\204\122\006\174\173}{subsection.15.1}% 172
\BOOKMARK [3][-]{subsubsection.15.1.2}{\376\377\143\001\147\011\137\205\125\056\174\173\122\053\166\204\213\241\221\317}{subsection.15.1}% 173
\BOOKMARK [3][-]{subsubsection.15.1.3}{\376\377\143\001\147\011\137\205\125\056\174\173\122\053\166\204\122\027\142\245}{subsection.15.1}% 174
\BOOKMARK [2][-]{subsection.15.2}{\376\377\176\310\153\142\176\317\204\045}{section.15}% 175
\BOOKMARK [3][-]{subsubsection.15.2.1}{\376\377\176\310\153\142\176\317\204\045\166\204\133\232\116\111}{subsection.15.2}% 176
\BOOKMARK [3][-]{subsubsection.15.2.2}{\376\377\176\310\153\142\176\317\204\045\166\204\122\027\142\245}{subsection.15.2}% 177
\BOOKMARK [3][-]{subsubsection.15.2.3}{\376\377\162\171\153\212\116\213\230\171\166\204\122\027\142\245}{subsection.15.2}% 178
\BOOKMARK [1][-]{section.16}{\376\377\142\100\147\011\200\005\147\103\166\312}{}% 179
\BOOKMARK [2][-]{subsection.16.1}{\376\377\133\236\145\066\215\104\147\054}{section.16}% 180
\BOOKMARK [3][-]{subsubsection.16.1.1}{\376\377\133\236\145\066\215\104\147\054\151\202\217\360}{subsection.16.1}% 181
\BOOKMARK [3][-]{subsubsection.16.1.2}{\376\377\133\236\145\066\215\104\147\054\130\236\121\317\123\330\122\250\166\204\117\032\213\241\131\004\164\006}{subsection.16.1}% 182
\BOOKMARK [2][-]{subsection.16.2}{\376\377\121\166\116\326\147\103\166\312\135\345\121\167}{section.16}% 183
\BOOKMARK [3][-]{subsubsection.16.2.1}{\376\377\121\166\116\326\147\103\166\312\135\345\121\167\117\032\213\241\131\004\164\006\166\204\127\372\147\054\123\237\122\031}{subsection.16.2}% 184
\BOOKMARK [3][-]{subsubsection.16.2.2}{\376\377\171\321\166\356\213\276\177\156}{subsection.16.2}% 185
\BOOKMARK [3][-]{subsubsection.16.2.3}{\376\377\116\073\211\201\215\046\122\241\131\004\164\006}{subsection.16.2}% 186
\BOOKMARK [2][-]{subsection.16.3}{\376\377\215\104\147\054\121\154\171\357\060\001\121\166\116\326\176\374\124\010\145\066\166\312\123\312\165\131\133\130\145\066\166\312}{section.16}% 187
\BOOKMARK [3][-]{subsubsection.16.3.1}{\376\377\215\104\147\054\121\154\171\357\170\156\213\244\124\214\213\241\221\317}{subsection.16.3}% 188
\BOOKMARK [3][-]{subsubsection.16.3.2}{\376\377\121\166\116\326\176\374\124\010\145\066\166\312\166\204\170\156\213\244\116\016\213\241\221\317\127\372\170\100}{subsection.16.3}% 189
\BOOKMARK [3][-]{subsubsection.16.3.3}{\376\377\166\310\117\131\121\154\171\357}{subsection.16.3}% 190
\BOOKMARK [3][-]{subsubsection.16.3.4}{\376\377\147\052\122\006\221\115\122\051\155\246}{subsection.16.3}% 191
\BOOKMARK [1][-]{section.17}{\376\377\145\066\121\145\060\001\215\071\165\050\124\214\122\051\155\246}{}% 192
\BOOKMARK [2][-]{subsection.17.1}{\376\377\145\066\121\145}{section.17}% 193
\BOOKMARK [3][-]{subsubsection.17.1.1}{\376\377\145\066\121\145\166\204\133\232\116\111\123\312\122\006\174\173}{subsection.17.1}% 194
\BOOKMARK [3][-]{subsubsection.17.1.2}{\376\377\145\066\121\145\166\204\170\156\213\244\124\214\213\241\221\317}{subsection.17.1}% 195
\BOOKMARK [3][-]{subsubsection.17.1.3}{\376\377\121\163\116\216\124\010\124\014\142\020\147\054}{subsection.17.1}% 196
\BOOKMARK [3][-]{subsubsection.17.1.4}{\376\377\121\163\116\216\162\171\133\232\116\244\146\023\166\204\117\032\213\241\131\004\164\006}{subsection.17.1}% 197
\BOOKMARK [3][-]{subsubsection.17.1.5}{\376\377\171\076\117\032\215\104\147\054\145\271\133\371\145\077\136\234\124\214\171\076\117\032\215\104\147\054\124\010\117\134\377\010\000P\000P\000P\377\011\230\171\166\356\124\010\124\014\166\204\117\032\213\241\131\004\164\006}{subsection.17.1}% 198
\BOOKMARK [2][-]{subsection.17.2}{\376\377\215\071\165\050}{section.17}% 199
\BOOKMARK [3][-]{subsubsection.17.2.1}{\376\377\215\071\165\050\166\204\170\156\213\244}{subsection.17.2}% 200
\BOOKMARK [3][-]{subsubsection.17.2.2}{\376\377\147\037\225\364\215\071\165\050}{subsection.17.2}% 201
\BOOKMARK [2][-]{subsection.17.3}{\376\377\122\051\155\246}{section.17}% 202
\BOOKMARK [3][-]{subsubsection.17.3.1}{\376\377\122\051\155\246\166\204\147\204\142\020}{subsection.17.3}% 203
\BOOKMARK [3][-]{subsubsection.17.3.2}{\376\377\204\045\116\032\131\026\145\066\145\057\166\204\117\032\213\241\131\004\164\006}{subsection.17.3}% 204
\BOOKMARK [3][-]{subsubsection.17.3.3}{\376\377\147\054\136\164\122\051\155\246\166\204\117\032\213\241\131\004\164\006}{subsection.17.3}% 205
\BOOKMARK [3][-]{subsubsection.17.3.4}{\376\377\176\374\124\010\145\066\166\312\140\073\230\235}{subsection.17.3}% 206
\BOOKMARK [1][-]{section.18}{\376\377\145\077\136\234\210\145\122\251}{}% 207
\BOOKMARK [2][-]{subsection.18.1}{\376\377\145\077\136\234\210\145\122\251\166\204\151\202\217\360}{section.18}% 208
\BOOKMARK [3][-]{subsubsection.18.1.1}{\376\377\145\077\136\234\210\145\122\251\166\204\133\232\116\111}{subsection.18.1}% 209
\BOOKMARK [3][-]{subsubsection.18.1.2}{\376\377\145\077\136\234\210\145\122\251\166\204\162\171\137\201}{subsection.18.1}% 210
\BOOKMARK [3][-]{subsubsection.18.1.3}{\376\377\145\077\136\234\210\145\122\251\166\204\122\006\174\173}{subsection.18.1}% 211
\BOOKMARK [2][-]{subsection.18.2}{\376\377\145\077\136\234\210\145\122\251\166\204\117\032\213\241\131\004\164\006}{section.18}% 212
\BOOKMARK [3][-]{subsubsection.18.2.1}{\376\377\117\032\213\241\131\004\164\006\145\271\154\325}{subsection.18.2}% 213
\BOOKMARK [3][-]{subsubsection.18.2.2}{\376\377\116\016\215\104\116\247\166\370\121\163\166\204\145\077\136\234\210\145\122\251}{subsection.18.2}% 214
\BOOKMARK [3][-]{subsubsection.18.2.3}{\376\377\116\016\145\066\166\312\166\370\121\163\166\204\145\077\136\234\210\145\122\251}{subsection.18.2}% 215
\BOOKMARK [3][-]{subsubsection.18.2.4}{\376\377\145\077\136\234\210\145\122\251\166\204\220\000\126\336}{subsection.18.2}% 216
\BOOKMARK [3][-]{subsubsection.18.2.5}{\376\377\162\171\133\232\116\032\122\241\166\204\117\032\213\241\131\004\164\006}{subsection.18.2}% 217
\BOOKMARK [2][-]{subsection.18.3}{\376\377\145\077\136\234\210\145\122\251\166\204\122\027\142\245}{section.18}% 218
\BOOKMARK [3][-]{subsubsection.18.3.1}{\376\377\145\077\136\234\210\145\122\251\127\050\122\051\155\246\210\150\116\012\166\204\122\027\171\072}{subsection.18.3}% 219
\BOOKMARK [3][-]{subsubsection.18.3.2}{\376\377\145\077\136\234\210\145\122\251\166\204\226\104\154\350\142\253\227\062}{subsection.18.3}% 220
\BOOKMARK [1][-]{section.19}{\376\377\142\100\137\227\172\016}{}% 221
\BOOKMARK [2][-]{subsection.19.1}{\376\377\142\100\137\227\172\016\150\070\173\227\166\204\127\372\147\054\123\237\164\006}{section.19}% 222
\BOOKMARK [3][-]{subsubsection.19.1.1}{\376\377\215\104\116\247\215\037\120\072\210\150\120\072\122\241\154\325}{subsection.19.1}% 223
\BOOKMARK [3][-]{subsubsection.19.1.2}{\376\377\142\100\137\227\172\016\117\032\213\241\166\204\116\000\202\054\172\013\136\217}{subsection.19.1}% 224
\BOOKMARK [2][-]{subsection.19.2}{\376\377\215\104\116\247\060\001\215\037\120\072\166\204\213\241\172\016\127\372\170\100}{section.19}% 225
\BOOKMARK [3][-]{subsubsection.19.2.1}{\376\377\215\104\116\247\166\204\213\241\172\016\127\372\170\100}{subsection.19.2}% 226
\BOOKMARK [3][-]{subsubsection.19.2.2}{\376\377\215\037\120\072\166\204\213\241\172\016\127\372\170\100}{subsection.19.2}% 227
\BOOKMARK [3][-]{subsubsection.19.2.3}{\376\377\162\171\153\212\116\244\146\023\142\026\116\213\230\171\116\055\116\247\165\037\215\104\116\247\060\001\215\037\120\072\213\241\172\016\127\372\170\100\166\204\170\156\133\232}{subsection.19.2}% 228
\BOOKMARK [2][-]{subsection.19.3}{\376\377\146\202\145\366\140\047\135\356\137\002}{section.19}% 229
\BOOKMARK [3][-]{subsubsection.19.3.1}{\376\377\146\202\145\366\140\047\135\356\137\002\166\204\124\053\116\111\124\214\171\315\174\173}{subsection.19.3}% 230
\BOOKMARK [3][-]{subsubsection.19.3.2}{\376\377\162\171\153\212\230\171\166\356\116\247\165\037\166\204\146\202\145\366\140\047\135\356\137\002}{subsection.19.3}% 231
\BOOKMARK [2][-]{subsection.19.4}{\376\377\220\022\136\366\142\100\137\227\172\016\215\104\116\247\123\312\215\037\120\072\166\204\170\156\213\244\124\214\213\241\221\317}{section.19}% 232
\BOOKMARK [3][-]{subsubsection.19.4.1}{\376\377\220\022\136\366\142\100\137\227\172\016\215\037\120\072\166\204\170\156\213\244\124\214\213\241\221\317}{subsection.19.4}% 233
\BOOKMARK [3][-]{subsubsection.19.4.2}{\376\377\220\022\136\366\142\100\137\227\172\016\215\104\116\247\166\204\170\156\213\244\124\214\213\241\221\317}{subsection.19.4}% 234
\BOOKMARK [3][-]{subsubsection.19.4.3}{\376\377\162\171\153\212\116\244\146\023\142\026\116\213\230\171\116\055\155\211\123\312\220\022\136\366\142\100\137\227\172\016\166\204\170\156\213\244\124\214\213\241\221\317}{subsection.19.4}% 235
\BOOKMARK [3][-]{subsubsection.19.4.4}{\376\377\220\002\165\050\172\016\163\207\123\330\123\026\133\371\135\362\170\156\213\244\220\022\136\366\142\100\137\227\172\016}{subsection.19.4}% 236
\BOOKMARK [3][-]{subsubsection.19.4.5}{\376\377\215\104\116\247\124\214\220\022\136\366\142\100\137\227\172\016\215\037\120\072\166\204\137\161\124\315}{subsection.19.4}% 237
\BOOKMARK [2][-]{subsection.19.5}{\376\377\142\100\137\227\172\016\215\071\165\050\166\204\170\156\213\244\124\214\213\241\221\317}{section.19}% 238
\BOOKMARK [3][-]{subsubsection.19.5.1}{\376\377\137\123\147\037\142\100\137\227\172\016}{subsection.19.5}% 239
\BOOKMARK [3][-]{subsubsection.19.5.2}{\376\377\220\022\136\366\142\100\137\227\172\016}{subsection.19.5}% 240
\BOOKMARK [3][-]{subsubsection.19.5.3}{\376\377\142\100\137\227\172\016\215\071\165\050}{subsection.19.5}% 241
\BOOKMARK [2][-]{subsection.19.6}{\376\377\142\100\137\227\172\016\166\204\122\027\142\245}{section.19}% 242
\BOOKMARK [3][-]{subsubsection.19.6.1}{\376\377\122\027\142\245\166\204\127\372\147\054\123\237\122\031}{subsection.19.6}% 243
\BOOKMARK [3][-]{subsubsection.19.6.2}{\376\377\142\100\137\227\172\016\215\071\165\050\377\010\145\066\166\312\377\011\116\016\117\032\213\241\122\051\155\246\121\163\174\373\166\204\213\364\146\016}{subsection.19.6}% 244
\BOOKMARK [1][-]{section.20}{\376\377\227\136\215\047\136\001\140\047\215\104\116\247\116\244\143\142}{}% 245
\BOOKMARK [2][-]{subsection.20.1}{\376\377\227\136\215\047\136\001\140\047\215\104\116\247\116\244\143\142\166\204\151\202\137\365}{section.20}% 246
\BOOKMARK [3][-]{subsubsection.20.1.1}{\376\377\227\136\215\047\136\001\140\047\215\104\116\247\116\244\143\142\166\204\166\370\121\163\151\202\137\365}{subsection.20.1}% 247
\BOOKMARK [3][-]{subsubsection.20.1.2}{\376\377\155\211\123\312\166\204\162\171\153\212\116\244\146\023\124\214\116\213\230\171\166\204\131\004\164\006\123\237\122\031}{subsection.20.1}% 248
\BOOKMARK [2][-]{subsection.20.2}{\376\377\227\136\215\047\136\001\140\047\215\104\116\247\116\244\143\142\166\204\170\156\213\244\124\214\213\241\221\317}{section.20}% 249
\BOOKMARK [3][-]{subsubsection.20.2.1}{\376\377\227\136\215\047\136\001\140\047\215\104\116\247\116\244\143\142\166\204\170\156\213\244\123\237\122\031}{subsection.20.2}% 250
\BOOKMARK [3][-]{subsubsection.20.2.2}{\376\377\227\136\215\047\136\001\140\047\215\104\116\247\116\244\143\142\166\204\213\241\221\317\123\237\122\031}{subsection.20.2}% 251
\BOOKMARK [3][-]{subsubsection.20.2.3}{\376\377\125\106\116\032\133\236\215\050\166\204\122\044\145\255}{subsection.20.2}% 252
\BOOKMARK [2][-]{subsection.20.3}{\376\377\227\136\215\047\136\001\140\047\215\104\116\247\116\244\143\142\166\204\117\032\213\241\131\004\164\006}{section.20}% 253
\BOOKMARK [3][-]{subsubsection.20.3.1}{\376\377\116\345\121\154\121\101\116\367\120\074\116\072\127\372\170\100\213\241\221\317\166\204\117\032\213\241\131\004\164\006}{subsection.20.3}% 254
\BOOKMARK [3][-]{subsubsection.20.3.2}{\376\377\116\345\215\046\227\142\116\367\120\074\116\072\127\372\170\100\213\241\221\317\166\204\117\032\213\241\131\004\164\006}{subsection.20.3}% 255
\BOOKMARK [3][-]{subsubsection.20.3.3}{\376\377\155\211\123\312\131\032\230\171\227\136\215\047\136\001\140\047\215\104\116\247\116\244\143\142\166\204\117\032\213\241\131\004\164\006}{subsection.20.3}% 256
\BOOKMARK [1][-]{section.21}{\376\377\120\072\122\241\221\315\176\304}{}% 257
\BOOKMARK [2][-]{subsection.21.1}{\376\377\120\072\122\241\221\315\176\304\166\204\133\232\116\111\123\312\145\271\154\325}{section.21}% 258
\BOOKMARK [3][-]{subsubsection.21.1.1}{\376\377\120\072\122\241\221\315\176\304\166\204\133\232\116\111}{subsection.21.1}% 259
\BOOKMARK [3][-]{subsubsection.21.1.2}{\376\377\120\072\122\241\221\315\176\304\166\204\145\271\137\017}{subsection.21.1}% 260
\BOOKMARK [2][-]{subsection.21.2}{\376\377\120\072\122\241\221\315\176\304\166\204\117\032\213\241\131\004\164\006}{section.21}% 261
\BOOKMARK [3][-]{subsubsection.21.2.1}{\376\377\120\072\147\103\124\214\120\072\122\241\166\204\176\310\153\142\170\156\213\244}{subsection.21.2}% 262
\BOOKMARK [3][-]{subsubsection.21.2.2}{\376\377\120\072\147\103\116\272\124\214\120\072\122\241\116\272\166\204\121\167\117\123\215\046\122\241\131\004\164\006\123\237\122\031}{subsection.21.2}% 263
\BOOKMARK [2][-]{subsection.21.3}{\376\377\120\072\122\241\221\315\176\304\166\204\166\370\121\163\142\253\227\062}{section.21}% 264
\BOOKMARK [3][-]{subsubsection.21.3.1}{\376\377\117\341\140\157\142\253\227\062\166\204\127\372\147\054\211\201\154\102}{subsection.21.3}% 265
\BOOKMARK [3][-]{subsubsection.21.3.2}{\376\377\136\224\137\123\142\253\227\062\166\204\117\341\140\157}{subsection.21.3}% 266
\BOOKMARK [1][-]{section.22}{\376\377\131\026\136\001\142\230\173\227}{}% 267
\BOOKMARK [2][-]{subsection.22.1}{\376\377\213\260\215\046\147\054\117\115\136\001\166\204\170\156\133\232}{section.22}% 268
\BOOKMARK [3][-]{subsubsection.22.1.1}{\376\377\213\260\215\046\147\054\117\115\136\001\166\204\170\156\133\232}{subsection.22.1}% 269
\BOOKMARK [3][-]{subsubsection.22.1.2}{\376\377\130\203\131\026\176\317\204\045\213\260\215\046\147\054\117\115\136\001\166\204\170\156\133\232}{subsection.22.1}% 270
\BOOKMARK [3][-]{subsubsection.22.1.3}{\376\377\213\260\215\046\147\054\117\115\136\001\123\330\146\364\166\204\117\032\213\241\131\004\164\006}{subsection.22.1}% 271
\BOOKMARK [2][-]{subsection.22.2}{\376\377\131\026\136\001\116\244\146\023\166\204\117\032\213\241\131\004\164\006}{section.22}% 272
\BOOKMARK [3][-]{subsubsection.22.2.1}{\376\377\154\107\163\207}{subsection.22.2}% 273
\BOOKMARK [3][-]{subsubsection.22.2.2}{\376\377\131\026\136\001\116\244\146\023\166\204\213\260\215\046\145\271\154\325}{subsection.22.2}% 274
\BOOKMARK [3][-]{subsubsection.22.2.3}{\376\377\131\026\136\001\116\244\146\023\166\204\117\032\213\241\131\004\164\006}{subsection.22.2}% 275
\BOOKMARK [2][-]{subsection.22.3}{\376\377\131\026\136\001\215\042\122\241\142\245\210\150\142\230\173\227}{section.22}% 276
\BOOKMARK [3][-]{subsubsection.22.3.1}{\376\377\130\203\131\026\176\317\204\045\215\042\122\241\142\245\210\150\166\204\142\230\173\227}{subsection.22.3}% 277
\BOOKMARK [3][-]{subsubsection.22.3.2}{\376\377\130\203\131\026\176\317\204\045\166\204\131\004\177\156}{subsection.22.3}% 278
\BOOKMARK [1][-]{section.23}{\376\377\215\042\122\241\142\245\124\112}{}% 279
\BOOKMARK [2][-]{subsection.23.1}{\376\377\215\042\122\241\142\245\210\150\151\202\217\360}{section.23}% 280
\BOOKMARK [3][-]{subsubsection.23.1.1}{\376\377\215\042\122\241\142\245\210\150\166\204\133\232\116\111\124\214\147\204\142\020}{subsection.23.1}% 281
\BOOKMARK [3][-]{subsubsection.23.1.2}{\376\377\215\042\122\241\142\245\210\150\122\027\142\245\166\204\127\372\147\054\211\201\154\102}{subsection.23.1}% 282
\BOOKMARK [2][-]{subsection.23.2}{\376\377\215\104\116\247\215\037\120\072\210\150}{section.23}% 283
\BOOKMARK [3][-]{subsubsection.23.2.1}{\376\377\215\104\116\247\215\037\120\072\210\150\166\204\121\205\133\271\123\312\176\323\147\204}{subsection.23.2}% 284
\BOOKMARK [3][-]{subsubsection.23.2.2}{\376\377\215\104\116\247\124\214\215\037\120\072\143\011\155\101\122\250\140\047\122\027\142\245}{subsection.23.2}% 285
\BOOKMARK [3][-]{subsubsection.23.2.3}{\376\377\215\104\116\247\215\037\120\072\210\150\166\204\130\153\122\027\145\271\154\325}{subsection.23.2}% 286
\BOOKMARK [2][-]{subsection.23.3}{\376\377\122\051\155\246\210\150}{section.23}% 287
\BOOKMARK [3][-]{subsubsection.23.3.1}{\376\377\122\051\155\246\210\150\166\204\121\205\133\271\123\312\176\323\147\204}{subsection.23.3}% 288
\BOOKMARK [3][-]{subsubsection.23.3.2}{\376\377\122\051\155\246\210\150\166\204\130\153\122\027\145\271\154\325}{subsection.23.3}% 289
\BOOKMARK [2][-]{subsection.23.4}{\376\377\163\260\221\321\155\101\221\317\210\150}{section.23}% 290
\BOOKMARK [3][-]{subsubsection.23.4.1}{\376\377\163\260\221\321\155\101\221\317\210\150\166\204\121\205\133\271\123\312\176\323\147\204}{subsection.23.4}% 291
\BOOKMARK [3][-]{subsubsection.23.4.2}{\376\377\163\260\221\321\155\101\221\317\210\150\166\204\130\153\122\027\145\271\154\325}{subsection.23.4}% 292
\BOOKMARK [3][-]{subsubsection.23.4.3}{\376\377\163\260\221\321\155\101\221\317\210\150\166\204\177\026\122\066\145\271\154\325\123\312\172\013\136\217}{subsection.23.4}% 293
\BOOKMARK [3][-]{subsubsection.23.4.4}{\376\377\163\260\221\321\155\101\221\317\210\150\177\026\122\066\171\072\117\213}{subsection.23.4}% 294
\BOOKMARK [2][-]{subsection.23.5}{\376\377\142\100\147\011\200\005\147\103\166\312\123\330\122\250\210\150}{section.23}% 295
\BOOKMARK [3][-]{subsubsection.23.5.1}{\376\377\142\100\147\011\200\005\147\103\166\312\123\330\122\250\210\150\166\204\121\205\133\271\123\312\176\323\147\204}{subsection.23.5}% 296
\BOOKMARK [3][-]{subsubsection.23.5.2}{\376\377\142\100\147\011\200\005\147\103\166\312\123\330\122\250\210\150\166\204\130\153\122\027\145\271\154\325}{subsection.23.5}% 297
\BOOKMARK [2][-]{subsection.23.6}{\376\377\215\042\122\241\142\245\210\150\226\104\154\350\142\253\227\062}{section.23}% 298
\BOOKMARK [3][-]{subsubsection.23.6.1}{\376\377\226\104\154\350\142\253\227\062\166\204\140\073\117\123\211\201\154\102}{subsection.23.6}% 299
\BOOKMARK [3][-]{subsubsection.23.6.2}{\376\377\226\104\154\350\166\204\116\073\211\201\121\205\133\271}{subsection.23.6}% 300
\BOOKMARK [3][-]{subsubsection.23.6.3}{\376\377\122\006\220\350\142\245\124\112}{subsection.23.6}% 301
\BOOKMARK [3][-]{subsubsection.23.6.4}{\376\377\121\163\200\124\145\271\142\253\227\062}{subsection.23.6}% 302
\BOOKMARK [2][-]{subsection.23.7}{\376\377\116\055\147\037\215\042\122\241\142\245\210\150}{section.23}% 303
\BOOKMARK [3][-]{subsubsection.23.7.1}{\376\377\116\055\147\037\215\042\122\241\142\245\124\112\166\204\133\232\116\111\123\312\121\166\147\204\142\020}{subsection.23.7}% 304
\BOOKMARK [3][-]{subsubsection.23.7.2}{\376\377\116\055\147\037\215\042\122\241\142\245\124\112\166\204\177\026\122\066\211\201\154\102}{subsection.23.7}% 305
\BOOKMARK [3][-]{subsubsection.23.7.3}{\376\377\116\055\147\037\215\042\122\241\142\245\124\112\226\104\154\350\166\204\177\026\122\066\211\201\154\102}{subsection.23.7}% 306
\BOOKMARK [1][-]{section.24}{\376\377\117\032\213\241\145\077\173\126\060\001\117\032\213\241\117\060\213\241\123\312\121\166\123\330\146\364\124\214\135\356\225\031\146\364\153\143}{}% 307
\BOOKMARK [2][-]{subsection.24.1}{\376\377\117\032\213\241\145\077\173\126\123\312\121\166\123\330\146\364\166\204\151\202\217\360}{section.24}% 308
\BOOKMARK [3][-]{subsubsection.24.1.1}{\376\377\117\032\213\241\145\077\173\126\166\204\151\202\217\360}{subsection.24.1}% 309
\BOOKMARK [3][-]{subsubsection.24.1.2}{\376\377\117\032\213\241\145\077\173\126\123\330\146\364\166\204\151\202\217\360}{subsection.24.1}% 310
\BOOKMARK [2][-]{subsection.24.2}{\376\377\117\032\213\241\117\060\213\241\123\312\121\166\123\330\146\364\166\204\151\202\217\360}{section.24}% 311
\BOOKMARK [3][-]{subsubsection.24.2.1}{\376\377\117\032\213\241\117\060\213\241\166\204\151\202\217\360}{subsection.24.2}% 312
\BOOKMARK [3][-]{subsubsection.24.2.2}{\376\377\117\032\213\241\117\060\213\241\123\330\146\364\166\204\151\202\217\360}{subsection.24.2}% 313
\BOOKMARK [2][-]{subsection.24.3}{\376\377\117\032\213\241\145\077\173\126\116\016\117\032\213\241\117\060\213\241\123\312\121\166\123\330\146\364\166\204\122\022\122\006}{section.24}% 314
\BOOKMARK [2][-]{subsection.24.4}{\376\377\117\032\213\241\145\077\173\126\124\214\117\032\213\241\117\060\213\241\123\330\146\364\166\204\117\032\213\241\131\004\164\006}{section.24}% 315
\BOOKMARK [3][-]{subsubsection.24.4.1}{\376\377\117\032\213\241\145\077\173\126\123\330\146\364\166\204\117\032\213\241\131\004\164\006}{subsection.24.4}% 316
\BOOKMARK [3][-]{subsubsection.24.4.2}{\376\377\117\032\213\241\117\060\213\241\123\330\146\364\166\204\117\032\213\241\131\004\164\006}{subsection.24.4}% 317
\BOOKMARK [2][-]{subsection.24.5}{\376\377\122\115\147\037\135\356\225\031\123\312\121\166\146\364\153\143}{section.24}% 318
\BOOKMARK [3][-]{subsubsection.24.5.1}{\376\377\122\115\147\037\135\356\225\031\151\202\217\360}{subsection.24.5}% 319
\BOOKMARK [3][-]{subsubsection.24.5.2}{\376\377\122\115\147\037\135\356\225\031\146\364\153\143\166\204\117\032\213\241\131\004\164\006}{subsection.24.5}% 320
\BOOKMARK [3][-]{subsubsection.24.5.3}{\376\377\122\115\147\037\135\356\225\031\146\364\153\143\166\204\142\253\227\062}{subsection.24.5}% 321
\BOOKMARK [1][-]{section.25}{\376\377\215\104\116\247\215\037\120\072\210\150\145\345\124\016\116\213\230\171}{}% 322
\BOOKMARK [2][-]{subsection.25.1}{\376\377\215\104\116\247\215\037\120\072\210\150\145\345\124\016\116\213\230\171\151\202\217\360}{section.25}% 323
\BOOKMARK [3][-]{subsubsection.25.1.1}{\376\377\215\104\116\247\215\037\120\072\210\150\145\345\124\016\116\213\230\171\166\204\133\232\116\111}{subsection.25.1}% 324
\BOOKMARK [3][-]{subsubsection.25.1.2}{\376\377\215\104\116\247\215\037\120\072\210\150\145\345\124\016\116\213\230\171\155\265\166\326\166\204\147\037\225\364}{subsection.25.1}% 325
\BOOKMARK [3][-]{subsubsection.25.1.3}{\376\377\215\104\116\247\215\037\120\072\210\150\145\345\124\016\116\213\230\171\166\204\121\205\133\271}{subsection.25.1}% 326
\BOOKMARK [2][-]{subsection.25.2}{\376\377\214\003\145\164\116\213\230\171\166\204\117\032\213\241\131\004\164\006}{section.25}% 327
\BOOKMARK [3][-]{subsubsection.25.2.1}{\376\377\214\003\145\164\116\213\230\171\166\204\131\004\164\006\123\237\122\031}{subsection.25.2}% 328
\BOOKMARK [3][-]{subsubsection.25.2.2}{\376\377\215\104\116\247\215\037\120\072\210\150\145\345\124\016\214\003\145\164\116\213\230\171\166\204\121\167\117\123\117\032\213\241\131\004\164\006\145\271\154\325}{subsection.25.2}% 329
\BOOKMARK [2][-]{subsection.25.3}{\376\377\227\136\214\003\145\164\116\213\230\171\166\204\117\032\213\241\131\004\164\006}{section.25}% 330
\BOOKMARK [3][-]{subsubsection.25.3.1}{\376\377\227\136\214\003\145\164\116\213\230\171\166\204\131\004\164\006\123\237\122\031}{subsection.25.3}% 331
\BOOKMARK [3][-]{subsubsection.25.3.2}{\376\377\227\136\214\003\145\164\116\213\230\171\166\204\121\167\117\123\117\032\213\241\131\004\164\006\122\236\154\325}{subsection.25.3}% 332
\BOOKMARK [1][-]{section.26}{\376\377\117\001\116\032\124\010\136\166}{}% 333
\BOOKMARK [2][-]{subsection.26.1}{\376\377\117\001\116\032\124\010\136\166\151\202\217\360}{section.26}% 334
\BOOKMARK [3][-]{subsubsection.26.1.1}{\376\377\117\001\116\032\124\010\136\166\166\204\165\114\133\232}{subsection.26.1}% 335
\BOOKMARK [3][-]{subsubsection.26.1.2}{\376\377\117\001\116\032\124\010\136\166\166\204\145\271\137\017}{subsection.26.1}% 336
\BOOKMARK [3][-]{subsubsection.26.1.3}{\376\377\117\001\116\032\124\010\136\166\174\173\127\213\166\204\122\022\122\006}{subsection.26.1}% 337
\BOOKMARK [2][-]{subsection.26.2}{\376\377\117\001\116\032\124\010\136\166\166\204\117\032\213\241\131\004\164\006}{section.26}% 338
\BOOKMARK [3][-]{subsubsection.26.2.1}{\376\377\124\014\116\000\143\247\122\066\116\013\166\204\117\001\116\032\124\010\136\166\166\204\131\004\164\006}{subsection.26.2}% 339
\BOOKMARK [3][-]{subsubsection.26.2.2}{\376\377\227\136\124\014\116\000\143\247\122\066\116\013\166\204\117\001\116\032\124\010\136\166\166\204\131\004\164\006}{subsection.26.2}% 340
\BOOKMARK [3][-]{subsubsection.26.2.3}{\376\377\124\014\116\000\143\247\122\066\116\013\117\001\116\032\124\010\136\166\155\211\123\312\166\204\142\026\147\011\133\371\116\367}{subsection.26.2}% 341
\BOOKMARK [3][-]{subsubsection.26.2.4}{\376\377\227\136\124\014\116\000\143\247\122\066\116\013\117\001\116\032\124\010\136\166\155\211\123\312\166\204\142\026\147\011\133\371\116\367}{subsection.26.2}% 342
\BOOKMARK [3][-]{subsubsection.26.2.5}{\376\377\123\315\124\021\215\055\116\160\166\204\131\004\164\006}{subsection.26.2}% 343
\BOOKMARK [3][-]{subsubsection.26.2.6}{\376\377\210\253\215\055\116\160\145\271\166\204\117\032\213\241\131\004\164\006}{subsection.26.2}% 344
\BOOKMARK [1][-]{section.27}{\376\377\124\010\136\166\215\042\122\241\142\245\210\150}{}% 345
