\BOOKMARK [1][-]{section.1}{\376\377\127\372\170\100\167\345\213\306}{}% 1
\BOOKMARK [2][-]{subsection.1.1}{\376\377\122\051\163\207\166\370\121\163}{section.1}% 2
\BOOKMARK [2][-]{subsection.1.2}{\376\377\153\317\172\340\124\214\215\071\165\050\166\370\121\163}{section.1}% 3
\BOOKMARK [1][-]{section.2}{\376\377\133\130\215\047}{}% 4
\BOOKMARK [2][-]{subsection.2.1}{\376\377\133\130\215\047\166\204\170\156\213\244\124\214\122\035\131\313\213\241\221\317}{section.2}% 5
\BOOKMARK [2][-]{subsection.2.2}{\376\377\123\321\121\372\133\130\215\047\166\204\213\241\221\317}{section.2}% 6
\BOOKMARK [2][-]{subsection.2.3}{\376\377\147\037\147\053\133\130\215\047\166\204\213\241\221\317}{section.2}% 7
\BOOKMARK [2][-]{subsection.2.4}{\376\377\133\130\215\047\166\204\156\005\147\345\166\330\160\271}{section.2}% 8
\BOOKMARK [1][-]{section.3}{\376\377\126\372\133\232\215\104\116\247}{}% 9
\BOOKMARK [2][-]{subsection.3.1}{\376\377\170\156\213\244\124\214\122\035\131\313\213\241\221\317}{section.3}% 10
\BOOKMARK [2][-]{subsection.3.2}{\376\377\124\016\176\355\213\241\221\317}{section.3}% 11
\BOOKMARK [3][-]{subsubsection.3.2.1}{\376\377\142\230\145\347}{subsection.3.2}% 12
\BOOKMARK [2][-]{subsection.3.3}{\376\377\131\004\177\156}{section.3}% 13
\BOOKMARK [3][-]{subsubsection.3.3.1}{\376\377\126\372\133\232\215\104\116\247\166\204\156\005\147\345}{subsection.3.3}% 14
\BOOKMARK [1][-]{section.4}{\376\377\145\340\137\142\215\104\116\247}{}% 15
\BOOKMARK [2][-]{subsection.4.1}{\376\377\170\156\213\244\116\016\122\035\131\313\213\241\221\317}{section.4}% 16
\BOOKMARK [2][-]{subsection.4.2}{\376\377\121\205\220\350\170\024\172\166\137\000\123\321\145\057\121\372\166\204\170\156\213\244\124\214\213\241\221\317}{section.4}% 17
\BOOKMARK [2][-]{subsection.4.3}{\376\377\124\016\176\355\213\241\221\317}{section.4}% 18
\BOOKMARK [2][-]{subsection.4.4}{\376\377\131\004\177\156}{section.4}% 19
\BOOKMARK [3][-]{subsubsection.4.4.1}{\376\377\121\372\125\056}{subsection.4.4}% 20
\BOOKMARK [3][-]{subsubsection.4.4.2}{\376\377\121\372\171\337}{subsection.4.4}% 21
\BOOKMARK [3][-]{subsubsection.4.4.3}{\376\377\142\245\136\237}{subsection.4.4}% 22
\BOOKMARK [1][-]{section.5}{\376\377\142\225\215\104\140\047\142\077\127\060\116\247}{}% 23
\BOOKMARK [2][-]{subsection.5.1}{\376\377\170\156\213\244\116\016\122\035\131\313\213\241\221\317}{section.5}% 24
\BOOKMARK [2][-]{subsection.5.2}{\376\377\124\016\176\355\213\241\221\317}{section.5}% 25
\BOOKMARK [3][-]{subsubsection.5.2.1}{\376\377\142\020\147\054\152\041\137\017}{subsection.5.2}% 26
\BOOKMARK [3][-]{subsubsection.5.2.2}{\376\377\121\154\121\101\116\367\120\074\152\041\137\017}{subsection.5.2}% 27
\BOOKMARK [3][-]{subsubsection.5.2.3}{\376\377\152\041\137\017\145\071\123\330}{subsection.5.2}% 28
\BOOKMARK [2][-]{subsection.5.3}{\376\377\217\154\143\142\116\016\131\004\177\156}{section.5}% 29
\BOOKMARK [3][-]{subsubsection.5.3.1}{\376\377\217\154\143\142}{subsection.5.3}% 30
\BOOKMARK [3][-]{subsubsection.5.3.2}{\376\377\131\004\177\156}{subsection.5.3}% 31
\BOOKMARK [1][-]{section.6}{\376\377\225\177\147\037\200\241\147\103\142\225\215\104\116\016\124\010\204\045\133\211\143\222}{}% 32
\BOOKMARK [2][-]{subsection.6.1}{\376\377\127\372\147\054\151\202\137\365}{section.6}% 33
\BOOKMARK [2][-]{subsection.6.2}{\376\377\122\035\131\313\213\241\221\317}{section.6}% 34
\BOOKMARK [1][-]{section.7}{\376\377\215\104\116\247\121\317\120\074}{}% 35
\BOOKMARK [2][-]{subsection.7.1}{\376\377\215\104\116\247\121\317\120\074\151\202\217\360}{section.7}% 36
\BOOKMARK [2][-]{subsection.7.2}{\376\377\215\104\116\247\123\357\145\066\126\336\221\321\230\235\166\204\213\241\221\317}{section.7}% 37
\BOOKMARK [3][-]{subsubsection.7.2.1}{\376\377\215\104\116\247\121\154\121\101\116\367\120\074\121\317\123\273\131\004\177\156\215\071\165\050}{subsection.7.2}% 38
\BOOKMARK [3][-]{subsubsection.7.2.2}{\376\377\147\052\147\145\163\260\221\321\155\101\221\317\166\204\163\260\120\074}{subsection.7.2}% 39
\BOOKMARK [2][-]{subsection.7.3}{\376\377\215\104\116\247\121\317\120\074\143\137\131\061\166\204\170\156\213\244\116\016\213\241\221\317}{section.7}% 40
\BOOKMARK [2][-]{subsection.7.4}{\376\377\215\104\116\247\176\304\166\204\213\244\133\232\123\312\121\317\120\074\131\004\164\006}{section.7}% 41
\BOOKMARK [2][-]{subsection.7.5}{\376\377\125\106\212\211\121\317\120\074\155\113\213\325\116\016\131\004\164\006}{section.7}% 42
\BOOKMARK [2][-]{subsection.7.6}{\376\377\134\017\176\323}{section.7}% 43
\BOOKMARK [1][-]{section.8}{\376\377\215\037\120\072}{}% 44
\BOOKMARK [2][-]{subsection.8.1}{\376\377\155\101\122\250\215\037\120\072}{section.8}% 45
\BOOKMARK [3][-]{subsubsection.8.1.1}{\376\377\167\355\147\037\120\037\153\076}{subsection.8.1}% 46
\BOOKMARK [3][-]{subsubsection.8.1.2}{\376\377\136\224\116\330\171\150\143\156}{subsection.8.1}% 47
\BOOKMARK [3][-]{subsubsection.8.1.3}{\376\377\136\224\116\330\215\046\153\076}{subsection.8.1}% 48
\BOOKMARK [3][-]{subsubsection.8.1.4}{\376\377\136\224\116\244\172\016\215\071}{subsection.8.1}% 49
\BOOKMARK [3][-]{subsubsection.8.1.5}{\376\377\136\224\116\330\200\241\122\051\377\010\163\260\221\321\200\241\122\051\377\011}{subsection.8.1}% 50
\BOOKMARK [3][-]{subsubsection.8.1.6}{\376\377\121\166\116\326\136\224\116\330\153\076}{subsection.8.1}% 51
\BOOKMARK [2][-]{subsection.8.2}{\376\377\227\136\155\101\122\250\215\037\120\072}{section.8}% 52
\BOOKMARK [3][-]{subsubsection.8.2.1}{\376\377\225\177\147\037\120\037\153\076}{subsection.8.2}% 53
\BOOKMARK [3][-]{subsubsection.8.2.2}{\376\377\121\154\123\370\120\072\122\070}{subsection.8.2}% 54
\BOOKMARK [3][-]{subsubsection.8.2.3}{\376\377\225\177\147\037\136\224\116\330\153\076}{subsection.8.2}% 55
\BOOKMARK [2][-]{subsection.8.3}{\376\377\134\017\176\323}{section.8}% 56
\BOOKMARK [1][-]{section.9}{\376\377\200\114\135\345\205\252\221\154}{}% 57
\BOOKMARK [2][-]{subsection.9.1}{\376\377\200\114\135\345\124\214\200\114\135\345\205\252\221\154\166\204\203\003\126\364\123\312\122\006\174\173}{section.9}% 58
\BOOKMARK [2][-]{subsection.9.2}{\376\377\167\355\147\037\205\252\221\154\166\204\170\156\213\244\116\016\213\241\221\317}{section.9}% 59
\BOOKMARK [3][-]{subsubsection.9.2.1}{\376\377\215\047\136\001\140\047\167\355\147\037\205\252\221\154}{subsection.9.2}% 60
\BOOKMARK [3][-]{subsubsection.9.2.2}{\376\377\136\046\205\252\177\072\122\344}{subsection.9.2}% 61
\BOOKMARK [3][-]{subsubsection.9.2.3}{\376\377\167\355\147\037\122\051\155\246\122\006\116\253\213\241\122\022}{subsection.9.2}% 62
\BOOKMARK [3][-]{subsubsection.9.2.4}{\376\377\227\136\215\047\136\001\140\047\171\217\122\051}{subsection.9.2}% 63
\BOOKMARK [2][-]{subsection.9.3}{\376\377\171\273\200\114\124\016\171\217\122\051\166\204\170\156\213\244\116\016\213\241\221\317}{section.9}% 64
\BOOKMARK [3][-]{subsubsection.9.3.1}{\376\377\213\276\133\232\143\320\133\130\213\241\122\022}{subsection.9.3}% 65
\BOOKMARK [3][-]{subsubsection.9.3.2}{\376\377\213\276\133\232\145\066\166\312\213\241\122\022}{subsection.9.3}% 66
\BOOKMARK [2][-]{subsection.9.4}{\376\377\217\236\220\000\171\217\122\051\166\204\170\156\213\244\116\016\213\241\221\317}{section.9}% 67
\BOOKMARK [2][-]{subsection.9.5}{\376\377\121\166\116\326\225\177\147\037\200\114\135\345\171\217\122\051\166\204\170\156\213\244\116\016\213\241\221\317}{section.9}% 68
\BOOKMARK [1][-]{section.10}{\376\377\200\241\116\375\145\057\116\330}{}% 69
\BOOKMARK [1][-]{section.11}{\376\377\142\026\147\011\116\213\230\171}{}% 70
\BOOKMARK [1][-]{section.12}{\376\377\221\321\207\215\135\345\121\167}{}% 71
\BOOKMARK [1][-]{section.13}{\376\377\142\100\147\011\200\005\147\103\166\312}{}% 72
\BOOKMARK [1][-]{section.14}{\376\377\145\066\121\145\060\001\215\071\165\050\124\214\122\051\155\246}{}% 73
\BOOKMARK [1][-]{section.15}{\376\377\145\077\136\234\210\145\122\251}{}% 74
\BOOKMARK [1][-]{section.16}{}{}% 75
\BOOKMARK [1][-]{section.17}{}{}% 76
\BOOKMARK [1][-]{section.18}{}{}% 77
\BOOKMARK [1][-]{section.19}{}{}% 78
\BOOKMARK [1][-]{section.20}{}{}% 79
