\BOOKMARK [1][-]{section.1}{\376\377\127\372\170\100\167\345\213\306}{}% 1
\BOOKMARK [2][-]{subsection.1.1}{\376\377\122\051\163\207\166\370\121\163}{section.1}% 2
\BOOKMARK [2][-]{subsection.1.2}{\376\377\153\317\172\340\124\214\215\071\165\050\166\370\121\163}{section.1}% 3
\BOOKMARK [2][-]{subsection.1.3}{\376\377\200\375\217\154\126\336\166\204\121\317\120\074\121\306\131\007}{section.1}% 4
\BOOKMARK [2][-]{subsection.1.4}{\376\377\142\245\210\150\230\171\166\356\116\016\117\032\213\241\171\321\166\356}{section.1}% 5
\BOOKMARK [2][-]{subsection.1.5}{\376\377\123\357\200\375}{section.1}% 6
\BOOKMARK [1][-]{section.2}{\376\377\133\130\215\047}{}% 7
\BOOKMARK [2][-]{subsection.2.1}{\376\377\133\130\215\047\166\204\170\156\213\244\124\214\122\035\131\313\213\241\221\317}{section.2}% 8
\BOOKMARK [2][-]{subsection.2.2}{\376\377\123\321\121\372\133\130\215\047\166\204\213\241\221\317}{section.2}% 9
\BOOKMARK [2][-]{subsection.2.3}{\376\377\147\037\147\053\133\130\215\047\166\204\213\241\221\317}{section.2}% 10
\BOOKMARK [2][-]{subsection.2.4}{\376\377\133\130\215\047\166\204\156\005\147\345\166\330\160\271}{section.2}% 11
\BOOKMARK [2][-]{subsection.2.5}{\376\377\121\166\116\326}{section.2}% 12
\BOOKMARK [1][-]{section.3}{\376\377\126\372\133\232\215\104\116\247}{}% 13
\BOOKMARK [2][-]{subsection.3.1}{\376\377\170\156\213\244\124\214\122\035\131\313\213\241\221\317}{section.3}% 14
\BOOKMARK [2][-]{subsection.3.2}{\376\377\124\016\176\355\213\241\221\317}{section.3}% 15
\BOOKMARK [3][-]{subsubsection.3.2.1}{\376\377\142\230\145\347}{subsection.3.2}% 16
\BOOKMARK [3][-]{subsubsection.3.2.2}{\376\377\124\016\176\355\145\057\121\372}{subsection.3.2}% 17
\BOOKMARK [2][-]{subsection.3.3}{\376\377\131\004\177\156}{section.3}% 18
\BOOKMARK [3][-]{subsubsection.3.3.1}{\376\377\126\372\133\232\215\104\116\247\166\204\156\005\147\345}{subsection.3.3}% 19
\BOOKMARK [1][-]{section.4}{\376\377\145\340\137\142\215\104\116\247}{}% 20
\BOOKMARK [2][-]{subsection.4.1}{\376\377\170\156\213\244\116\016\122\035\131\313\213\241\221\317}{section.4}% 21
\BOOKMARK [2][-]{subsection.4.2}{\376\377\121\205\220\350\170\024\172\166\137\000\123\321\145\057\121\372\166\204\170\156\213\244\124\214\213\241\221\317}{section.4}% 22
\BOOKMARK [2][-]{subsection.4.3}{\376\377\124\016\176\355\213\241\221\317}{section.4}% 23
\BOOKMARK [2][-]{subsection.4.4}{\376\377\131\004\177\156}{section.4}% 24
\BOOKMARK [3][-]{subsubsection.4.4.1}{\376\377\121\372\125\056}{subsection.4.4}% 25
\BOOKMARK [3][-]{subsubsection.4.4.2}{\376\377\121\372\171\337}{subsection.4.4}% 26
\BOOKMARK [3][-]{subsubsection.4.4.3}{\376\377\142\245\136\237}{subsection.4.4}% 27
\BOOKMARK [1][-]{section.5}{\376\377\142\225\215\104\140\047\142\077\127\060\116\247}{}% 28
\BOOKMARK [2][-]{subsection.5.1}{\376\377\170\156\213\244\116\016\122\035\131\313\213\241\221\317}{section.5}% 29
\BOOKMARK [2][-]{subsection.5.2}{\376\377\124\016\176\355\213\241\221\317}{section.5}% 30
\BOOKMARK [3][-]{subsubsection.5.2.1}{\376\377\142\020\147\054\152\041\137\017}{subsection.5.2}% 31
\BOOKMARK [3][-]{subsubsection.5.2.2}{\376\377\121\154\121\101\116\367\120\074\152\041\137\017}{subsection.5.2}% 32
\BOOKMARK [3][-]{subsubsection.5.2.3}{\376\377\152\041\137\017\145\071\123\330}{subsection.5.2}% 33
\BOOKMARK [2][-]{subsection.5.3}{\376\377\217\154\143\142\116\016\131\004\177\156}{section.5}% 34
\BOOKMARK [3][-]{subsubsection.5.3.1}{\376\377\217\154\143\142}{subsection.5.3}% 35
\BOOKMARK [3][-]{subsubsection.5.3.2}{\376\377\131\004\177\156}{subsection.5.3}% 36
\BOOKMARK [2][-]{subsection.5.4}{\376\377\121\166\116\326}{section.5}% 37
\BOOKMARK [1][-]{section.6}{\376\377\225\177\147\037\200\241\147\103\142\225\215\104\116\016\124\010\204\045\133\211\143\222}{}% 38
\BOOKMARK [2][-]{subsection.6.1}{\376\377\127\372\147\054\151\202\137\365}{section.6}% 39
\BOOKMARK [2][-]{subsection.6.2}{\376\377\122\035\131\313\213\241\221\317}{section.6}% 40
\BOOKMARK [3][-]{subsubsection.6.2.1}{\376\377\225\177\147\037\200\241\147\103\142\225\215\104\166\204\170\156\213\244}{subsection.6.2}% 41
\BOOKMARK [3][-]{subsubsection.6.2.2}{\376\377\133\371\200\124\204\045\117\001\116\032\060\001\124\010\204\045\117\001\116\032\142\225\215\104\166\204\122\035\131\313\213\241\221\317}{subsection.6.2}% 42
\BOOKMARK [3][-]{subsubsection.6.2.3}{\376\377\133\371\133\120\121\154\123\370\166\204\122\035\131\313\213\241\221\317}{subsection.6.2}% 43
\BOOKMARK [2][-]{subsection.6.3}{\376\377\124\016\176\355\213\241\221\317}{section.6}% 44
\BOOKMARK [3][-]{subsubsection.6.3.1}{\376\377\142\020\147\054\154\325}{subsection.6.3}% 45
\BOOKMARK [3][-]{subsubsection.6.3.2}{\376\377\147\103\166\312\154\325}{subsection.6.3}% 46
\BOOKMARK [2][-]{subsection.6.4}{\376\377\150\070\173\227\145\271\154\325\166\204\217\154\143\142\116\016\131\004\177\156}{section.6}% 47
\BOOKMARK [3][-]{subsubsection.6.4.1}{\376\377\142\020\147\054\154\325\217\154\147\103\166\312\154\325}{subsection.6.4}% 48
\BOOKMARK [3][-]{subsubsection.6.4.2}{\376\377\121\154\121\101\116\367\120\074\142\026\147\103\166\312\154\325\217\154\142\020\147\054\154\325\377\010\227\136\124\014\143\247\377\011}{subsection.6.4}% 49
\BOOKMARK [3][-]{subsubsection.6.4.3}{\376\377\121\154\121\101\116\367\120\074\213\241\221\317\217\154\116\072\147\103\166\312\154\325}{subsection.6.4}% 50
\BOOKMARK [3][-]{subsubsection.6.4.4}{\376\377\147\103\166\312\154\325\217\154\116\072\121\154\121\101\116\367\120\074\213\241\221\317}{subsection.6.4}% 51
\BOOKMARK [3][-]{subsubsection.6.4.5}{\376\377\142\020\147\054\154\325\217\154\116\072\121\154\121\101\116\367\120\074\213\241\221\317}{subsection.6.4}% 52
\BOOKMARK [3][-]{subsubsection.6.4.6}{\376\377\225\177\147\037\200\241\147\103\142\225\215\104\131\004\177\156}{subsection.6.4}% 53
\BOOKMARK [2][-]{subsection.6.5}{\376\377\124\010\204\045\133\211\143\222}{section.6}% 54
\BOOKMARK [3][-]{subsubsection.6.5.1}{\376\377\124\010\204\045\145\271\166\204\117\032\213\241\131\004\164\006\123\237\122\031}{subsection.6.5}% 55
\BOOKMARK [3][-]{subsubsection.6.5.2}{\376\377\133\371\227\136\124\010\204\045\145\271\166\204\117\032\213\241\131\004\164\006\123\237\122\031}{subsection.6.5}% 56
\BOOKMARK [2][-]{subsection.6.6}{\376\377\121\166\116\326}{section.6}% 57
\BOOKMARK [2][-]{subsection.6.7}{\376\377\126\376\210\150\140\073\176\323}{section.6}% 58
\BOOKMARK [1][-]{section.7}{\376\377\215\104\116\247\121\317\120\074}{}% 59
\BOOKMARK [2][-]{subsection.7.1}{\376\377\215\104\116\247\121\317\120\074\151\202\217\360}{section.7}% 60
\BOOKMARK [2][-]{subsection.7.2}{\376\377\215\104\116\247\123\357\145\066\126\336\221\321\230\235\166\204\213\241\221\317}{section.7}% 61
\BOOKMARK [3][-]{subsubsection.7.2.1}{\376\377\215\104\116\247\121\154\121\101\116\367\120\074\121\317\123\273\131\004\177\156\215\071\165\050}{subsection.7.2}% 62
\BOOKMARK [3][-]{subsubsection.7.2.2}{\376\377\147\052\147\145\163\260\221\321\155\101\221\317\166\204\163\260\120\074}{subsection.7.2}% 63
\BOOKMARK [2][-]{subsection.7.3}{\376\377\215\104\116\247\121\317\120\074\143\137\131\061\166\204\170\156\213\244\116\016\213\241\221\317}{section.7}% 64
\BOOKMARK [2][-]{subsection.7.4}{\376\377\215\104\116\247\176\304\166\204\213\244\133\232\123\312\121\317\120\074\131\004\164\006}{section.7}% 65
\BOOKMARK [2][-]{subsection.7.5}{\376\377\125\106\212\211\121\317\120\074\155\113\213\325\116\016\131\004\164\006}{section.7}% 66
\BOOKMARK [2][-]{subsection.7.6}{\376\377\134\017\176\323}{section.7}% 67
\BOOKMARK [1][-]{section.8}{\376\377\215\037\120\072}{}% 68
\BOOKMARK [2][-]{subsection.8.1}{\376\377\155\101\122\250\215\037\120\072}{section.8}% 69
\BOOKMARK [3][-]{subsubsection.8.1.1}{\376\377\167\355\147\037\120\037\153\076}{subsection.8.1}% 70
\BOOKMARK [3][-]{subsubsection.8.1.2}{\376\377\136\224\116\330\171\150\143\156}{subsection.8.1}% 71
\BOOKMARK [3][-]{subsubsection.8.1.3}{\376\377\136\224\116\330\215\046\153\076}{subsection.8.1}% 72
\BOOKMARK [3][-]{subsubsection.8.1.4}{\376\377\136\224\116\244\172\016\215\071}{subsection.8.1}% 73
\BOOKMARK [3][-]{subsubsection.8.1.5}{\376\377\136\224\116\330\200\241\122\051\377\010\163\260\221\321\200\241\122\051\377\011}{subsection.8.1}% 74
\BOOKMARK [3][-]{subsubsection.8.1.6}{\376\377\121\166\116\326\136\224\116\330\153\076}{subsection.8.1}% 75
\BOOKMARK [2][-]{subsection.8.2}{\376\377\227\136\155\101\122\250\215\037\120\072}{section.8}% 76
\BOOKMARK [3][-]{subsubsection.8.2.1}{\376\377\225\177\147\037\120\037\153\076}{subsection.8.2}% 77
\BOOKMARK [3][-]{subsubsection.8.2.2}{\376\377\121\154\123\370\120\072\122\070}{subsection.8.2}% 78
\BOOKMARK [3][-]{subsubsection.8.2.3}{\376\377\225\177\147\037\136\224\116\330\153\076}{subsection.8.2}% 79
\BOOKMARK [2][-]{subsection.8.3}{\376\377\134\017\176\323}{section.8}% 80
\BOOKMARK [1][-]{section.9}{\376\377\200\114\135\345\205\252\221\154}{}% 81
\BOOKMARK [2][-]{subsection.9.1}{\376\377\200\114\135\345\124\214\200\114\135\345\205\252\221\154\166\204\203\003\126\364\123\312\122\006\174\173}{section.9}% 82
\BOOKMARK [2][-]{subsection.9.2}{\376\377\167\355\147\037\205\252\221\154\166\204\170\156\213\244\116\016\213\241\221\317}{section.9}% 83
\BOOKMARK [3][-]{subsubsection.9.2.1}{\376\377\215\047\136\001\140\047\167\355\147\037\205\252\221\154}{subsection.9.2}% 84
\BOOKMARK [3][-]{subsubsection.9.2.2}{\376\377\136\046\205\252\177\072\122\344}{subsection.9.2}% 85
\BOOKMARK [3][-]{subsubsection.9.2.3}{\376\377\167\355\147\037\122\051\155\246\122\006\116\253\213\241\122\022}{subsection.9.2}% 86
\BOOKMARK [3][-]{subsubsection.9.2.4}{\376\377\227\136\215\047\136\001\140\047\171\217\122\051}{subsection.9.2}% 87
\BOOKMARK [2][-]{subsection.9.3}{\376\377\171\273\200\114\124\016\171\217\122\051\166\204\170\156\213\244\116\016\213\241\221\317}{section.9}% 88
\BOOKMARK [3][-]{subsubsection.9.3.1}{\376\377\213\276\133\232\143\320\133\130\213\241\122\022}{subsection.9.3}% 89
\BOOKMARK [3][-]{subsubsection.9.3.2}{\376\377\213\276\133\232\145\066\166\312\213\241\122\022}{subsection.9.3}% 90
\BOOKMARK [2][-]{subsection.9.4}{\376\377\217\236\220\000\171\217\122\051\166\204\170\156\213\244\116\016\213\241\221\317}{section.9}% 91
\BOOKMARK [2][-]{subsection.9.5}{\376\377\121\166\116\326\225\177\147\037\200\114\135\345\171\217\122\051\166\204\170\156\213\244\116\016\213\241\221\317}{section.9}% 92
\BOOKMARK [2][-]{subsection.9.6}{\376\377\140\073\176\323}{section.9}% 93
\BOOKMARK [1][-]{section.10}{\376\377\200\241\116\375\145\057\116\330}{}% 94
\BOOKMARK [2][-]{subsection.10.1}{\376\377\200\241\116\375\145\057\116\330\151\202\217\360}{section.10}% 95
\BOOKMARK [3][-]{subsubsection.10.1.1}{\376\377\200\241\116\375\145\057\116\330\166\204\124\053\116\111\124\214\162\171\137\201}{subsection.10.1}% 96
\BOOKMARK [3][-]{subsubsection.10.1.2}{\376\377\200\241\116\375\145\057\116\330\166\204\126\333\116\052\116\073\211\201\163\257\202\202}{subsection.10.1}% 97
\BOOKMARK [3][-]{subsubsection.10.1.3}{\376\377\200\241\116\375\145\057\116\330\135\345\121\167\166\204\116\073\211\201\174\173\127\213}{subsection.10.1}% 98
\BOOKMARK [2][-]{subsection.10.2}{\376\377\200\241\116\375\145\057\116\330\166\204\170\156\213\244\124\214\213\241\221\317}{section.10}% 99
\BOOKMARK [3][-]{subsubsection.10.2.1}{\376\377\200\241\116\375\145\057\116\330\135\345\121\167\166\204\170\156\213\244\124\214\213\241\221\317\123\237\122\031}{subsection.10.2}% 100
\BOOKMARK [3][-]{subsubsection.10.2.2}{\376\377\123\357\210\114\147\103\147\141\116\366\166\204\171\315\174\173\060\001\131\004\164\006\124\214\117\356\145\071}{subsection.10.2}% 101
\BOOKMARK [3][-]{subsubsection.10.2.3}{\376\377\147\103\166\312\135\345\121\167\166\204\121\154\121\101\116\367\120\074\166\204\170\156\133\232}{subsection.10.2}% 102
\BOOKMARK [3][-]{subsubsection.10.2.4}{\376\377\200\241\116\375\145\057\116\330\166\204\131\004\164\006}{subsection.10.2}% 103
\BOOKMARK [3][-]{subsubsection.10.2.5}{\376\377\226\306\126\342\200\241\116\375\145\057\116\330\166\204\131\004\164\006}{subsection.10.2}% 104
\BOOKMARK [2][-]{subsection.10.3}{\376\377\136\224\165\050\116\076\117\213}{section.10}% 105
\BOOKMARK [3][-]{subsubsection.10.3.1}{\376\377\226\104\136\046\147\015\122\241\136\164\226\120\147\141\116\366\166\204\147\103\166\312\176\323\173\227\166\204\200\241\116\375\145\057\116\330}{subsection.10.3}% 106
\BOOKMARK [3][-]{subsubsection.10.3.2}{\376\377\226\104\136\046\136\002\127\072\116\032\176\351\147\141\116\366\166\204\147\103\166\312\176\323\173\227\166\204\200\241\116\375\145\057\116\330}{subsection.10.3}% 107
\BOOKMARK [3][-]{subsubsection.10.3.3}{\376\377\163\260\221\321\176\323\173\227\166\204\200\241\116\375\145\057\116\330}{subsection.10.3}% 108
\BOOKMARK [1][-]{section.11}{\376\377\120\037\153\076\215\071\165\050}{}% 109
\BOOKMARK [2][-]{subsection.11.1}{\376\377\120\037\153\076\215\071\165\050\151\202\217\360}{section.11}% 110
\BOOKMARK [3][-]{subsubsection.11.1.1}{\376\377\120\037\153\076\215\071\165\050\166\204\203\003\126\364}{subsection.11.1}% 111
\BOOKMARK [3][-]{subsubsection.11.1.2}{\376\377\120\037\153\076\166\204\203\003\126\364}{subsection.11.1}% 112
\BOOKMARK [3][-]{subsubsection.11.1.3}{\376\377\173\046\124\010\215\104\147\054\123\026\147\141\116\366\166\204\215\104\116\247}{subsection.11.1}% 113
\BOOKMARK [2][-]{subsection.11.2}{\376\377\120\037\153\076\215\071\165\050\166\204\170\156\213\244}{section.11}% 114
\BOOKMARK [3][-]{subsubsection.11.2.1}{\376\377\120\037\153\076\215\071\165\050\137\000\131\313\215\104\147\054\123\026\166\204\145\366\160\271}{subsection.11.2}% 115
\BOOKMARK [3][-]{subsubsection.11.2.2}{\376\377\120\037\153\076\215\071\165\050\146\202\120\134\215\104\147\054\123\026\166\204\145\366\225\364}{subsection.11.2}% 116
\BOOKMARK [3][-]{subsubsection.11.2.3}{\376\377\120\037\153\076\215\071\165\050\120\134\153\142\215\104\147\054\123\026\166\204\145\366\160\271}{subsection.11.2}% 117
\BOOKMARK [2][-]{subsection.11.3}{\376\377\120\037\153\076\215\071\165\050\166\204\213\241\221\317}{section.11}% 118
\BOOKMARK [3][-]{subsubsection.11.3.1}{\376\377\120\037\153\076\122\051\140\157\215\104\147\054\123\026\221\321\230\235\166\204\170\156\213\244}{subsection.11.3}% 119
\BOOKMARK [3][-]{subsubsection.11.3.2}{\376\377\120\037\153\076\217\205\122\251\215\071\165\050\215\104\147\054\123\026\221\321\230\235\166\204\170\156\213\244}{subsection.11.3}% 120
\BOOKMARK [3][-]{subsubsection.11.3.3}{\376\377\131\026\136\001\116\023\225\350\120\037\153\076\154\107\121\121\135\356\230\235\215\104\147\054\123\026\221\321\230\235\166\204\170\156\133\232}{subsection.11.3}% 121
\BOOKMARK [1][-]{section.12}{\376\377\142\026\147\011\116\213\230\171}{}% 122
\BOOKMARK [2][-]{subsection.12.1}{\376\377\142\026\147\011\116\213\230\171\151\202\217\360}{section.12}% 123
\BOOKMARK [3][-]{subsubsection.12.1.1}{\376\377\142\026\147\011\116\213\230\171\166\204\151\202\137\365\124\214\162\171\137\201}{subsection.12.1}% 124
\BOOKMARK [3][-]{subsubsection.12.1.2}{\376\377\142\026\147\011\215\104\116\247\124\214\142\026\147\011\215\037\120\072}{subsection.12.1}% 125
\BOOKMARK [2][-]{subsection.12.2}{\376\377\142\026\147\011\116\213\230\171\166\204\170\156\213\244\124\214\213\241\221\317}{section.12}% 126
\BOOKMARK [3][-]{subsubsection.12.2.1}{\376\377\142\026\147\011\116\213\230\171\166\204\170\156\213\244}{subsection.12.2}% 127
\BOOKMARK [3][-]{subsubsection.12.2.2}{\376\377\230\204\213\241\215\037\120\072\166\204\213\241\221\317}{subsection.12.2}% 128
\BOOKMARK [3][-]{subsubsection.12.2.3}{\376\377\133\371\230\204\213\241\215\037\120\072\215\046\227\142\116\367\120\074\166\204\131\015\150\070}{subsection.12.2}% 129
\BOOKMARK [2][-]{subsection.12.3}{\376\377\142\026\147\011\116\213\230\171\117\032\213\241\131\004\164\006\166\204\121\167\117\123\136\224\165\050}{section.12}% 130
\BOOKMARK [3][-]{subsubsection.12.3.1}{\376\377\147\052\121\263\213\311\213\274\142\026\147\052\121\263\116\362\210\301}{subsection.12.3}% 131
\BOOKMARK [3][-]{subsubsection.12.3.2}{\376\377\120\072\122\241\142\305\117\335}{subsection.12.3}% 132
\BOOKMARK [3][-]{subsubsection.12.3.3}{\376\377\116\247\124\301\215\050\221\317\117\335\213\301}{subsection.12.3}% 133
\BOOKMARK [3][-]{subsubsection.12.3.4}{\376\377\116\217\143\137\124\010\124\014}{subsection.12.3}% 134
\BOOKMARK [3][-]{subsubsection.12.3.5}{\376\377\221\315\176\304\116\111\122\241}{subsection.12.3}% 135
\BOOKMARK [2][-]{subsection.12.4}{\376\377\142\026\147\011\116\213\230\171\166\204\122\027\142\245}{section.12}% 136
\BOOKMARK [3][-]{subsubsection.12.4.1}{\376\377\230\204\213\241\215\037\120\072\166\204\122\027\142\245}{subsection.12.4}% 137
\BOOKMARK [3][-]{subsubsection.12.4.2}{\376\377\142\026\147\011\215\037\120\072\166\204\142\253\227\062}{subsection.12.4}% 138
\BOOKMARK [3][-]{subsubsection.12.4.3}{\376\377\142\026\147\011\215\104\116\247\166\204\142\253\227\062}{subsection.12.4}% 139
\BOOKMARK [1][-]{section.13}{\376\377\221\321\207\215\135\345\121\167}{}% 140
\BOOKMARK [2][-]{subsection.13.1}{\376\377\221\321\207\215\135\345\121\167\151\202\217\360}{section.13}% 141
\BOOKMARK [3][-]{subsubsection.13.1.1}{\376\377\221\321\207\215\215\104\116\247\124\214\221\321\207\215\215\037\120\072\166\204\124\053\116\111}{subsection.13.1}% 142
\BOOKMARK [3][-]{subsubsection.13.1.2}{\376\377\210\115\165\037\135\345\121\167}{subsection.13.1}% 143
\BOOKMARK [2][-]{subsection.13.2}{\376\377\221\321\207\215\215\104\116\247\124\214\221\321\207\215\215\037\120\072\166\204\122\006\174\173}{section.13}% 144
\BOOKMARK [3][-]{subsubsection.13.2.1}{\376\377\122\006\174\173\166\204\122\115\143\320}{subsection.13.2}% 145
\BOOKMARK [3][-]{subsubsection.13.2.2}{\376\377\221\321\207\215\215\104\116\247\166\204\122\006\174\173}{subsection.13.2}% 146
\BOOKMARK [3][-]{subsubsection.13.2.3}{\376\377\221\321\207\215\215\037\120\072\166\204\122\006\174\173}{subsection.13.2}% 147
\BOOKMARK [3][-]{subsubsection.13.2.4}{\376\377\135\114\121\145\137\017\210\115\165\037\135\345\121\167}{subsection.13.2}% 148
\BOOKMARK [2][-]{subsection.13.3}{\376\377\221\321\207\215\215\037\120\072\124\214\147\103\166\312\135\345\121\167\166\204\123\072\122\006}{section.13}% 149
\BOOKMARK [3][-]{subsubsection.13.3.1}{\376\377\221\321\207\215\215\037\120\072\124\214\147\103\166\312\135\345\121\167\166\204\123\072\122\006}{subsection.13.3}% 150
\BOOKMARK [3][-]{subsubsection.13.3.2}{\376\377\131\015\124\010\221\321\207\215\135\345\121\167}{subsection.13.3}% 151
\BOOKMARK [3][-]{subsubsection.13.3.3}{\376\377\154\070\176\355\120\072\173\111\174\173\117\074\221\321\207\215\135\345\121\167\166\204\117\032\213\241\131\004\164\006}{subsection.13.3}% 152
\BOOKMARK [2][-]{subsection.13.4}{\376\377\221\321\207\215\135\345\121\167\166\204\213\241\221\317\124\214\221\315\122\006\174\173}{section.13}% 153
\BOOKMARK [3][-]{subsubsection.13.4.1}{\376\377\221\321\207\215\215\104\116\247\124\214\221\321\207\215\215\037\120\072\166\204\122\035\131\313\213\241\221\317}{subsection.13.4}% 154
\BOOKMARK [3][-]{subsubsection.13.4.2}{\376\377\221\321\207\215\215\104\116\247\166\204\124\016\176\355\213\241\221\317}{subsection.13.4}% 155
\BOOKMARK [3][-]{subsubsection.13.4.3}{\376\377\221\321\207\215\215\037\120\072\166\204\124\016\176\355\213\241\221\317}{subsection.13.4}% 156
\BOOKMARK [3][-]{subsubsection.13.4.4}{\376\377\221\321\207\215\135\345\121\167\166\204\121\317\120\074}{subsection.13.4}% 157
\BOOKMARK [3][-]{subsubsection.13.4.5}{\376\377\221\321\207\215\135\345\121\167\166\204\221\315\122\006\174\173}{subsection.13.4}% 158
\BOOKMARK [2][-]{subsection.13.5}{\376\377\221\321\207\215\215\104\116\247\217\154\171\373}{section.13}% 159
\BOOKMARK [3][-]{subsubsection.13.5.1}{\376\377\221\321\207\215\215\104\116\247\176\310\153\142\170\156\213\244\166\204\116\000\202\054\123\237\122\031}{subsection.13.5}% 160
\BOOKMARK [3][-]{subsubsection.13.5.2}{\376\377\221\321\207\215\215\104\116\247\176\310\153\142\170\156\213\244\166\204\122\044\145\255\155\101\172\013}{subsection.13.5}% 161
\BOOKMARK [3][-]{subsubsection.13.5.3}{\376\377\221\321\207\215\215\104\116\247\217\154\171\373\166\204\117\032\213\241\131\004\164\006}{subsection.13.5}% 162
\BOOKMARK [2][-]{subsection.13.6}{\376\377\131\127\147\037\117\032\213\241}{section.13}% 163
\BOOKMARK [3][-]{subsubsection.13.6.1}{\376\377\131\127\147\037\117\032\213\241\151\202\217\360}{subsection.13.6}% 164
\BOOKMARK [3][-]{subsubsection.13.6.2}{\376\377\131\127\147\037\135\345\121\167\124\214\210\253\131\127\147\037\230\171\166\356}{subsection.13.6}% 165
\BOOKMARK [3][-]{subsubsection.13.6.3}{\376\377\131\127\147\037\121\163\174\373\213\304\117\060}{subsection.13.6}% 166
\BOOKMARK [3][-]{subsubsection.13.6.4}{\376\377\170\156\213\244\124\214\213\241\221\317}{subsection.13.6}% 167
\BOOKMARK [3][-]{subsubsection.13.6.5}{\376\377\117\341\165\050\230\316\226\151\145\136\123\343\166\204\121\154\121\101\116\367\120\074\220\011\142\351\147\103}{subsection.13.6}% 168
\BOOKMARK [2][-]{subsection.13.7}{\376\377\221\321\207\215\135\345\121\167\166\204\142\253\227\062}{section.13}% 169
\BOOKMARK [3][-]{subsubsection.13.7.1}{\376\377\221\321\207\215\135\345\121\167\116\000\202\054\117\341\140\157\142\253\227\062\211\201\154\102}{subsection.13.7}% 170
\BOOKMARK [3][-]{subsubsection.13.7.2}{\376\377\215\104\116\247\215\037\120\072\210\150\166\370\121\163\117\341\140\157\166\204\142\253\227\062}{subsection.13.7}% 171
\BOOKMARK [3][-]{subsubsection.13.7.3}{\376\377\122\051\155\246\210\150\166\370\121\163\117\341\140\157\166\204\142\253\227\062}{subsection.13.7}% 172
\BOOKMARK [3][-]{subsubsection.13.7.4}{\376\377\121\154\121\101\116\367\120\074\166\370\121\163\117\341\140\157\166\204\142\253\227\062}{subsection.13.7}% 173
\BOOKMARK [3][-]{subsubsection.13.7.5}{\376\377\221\321\207\215\135\345\121\167\230\316\226\151\117\341\140\157\142\253\227\062}{subsection.13.7}% 174
\BOOKMARK [1][-]{section.14}{\376\377\171\337\215\101}{}% 175
\BOOKMARK [2][-]{subsection.14.1}{\376\377\171\337\215\101\151\202\217\360}{section.14}% 176
\BOOKMARK [3][-]{subsubsection.14.1.1}{\376\377\220\002\165\050\203\003\126\364}{subsection.14.1}% 177
\BOOKMARK [3][-]{subsubsection.14.1.2}{\376\377\171\337\215\101\166\204\213\306\122\053}{subsection.14.1}% 178
\BOOKMARK [3][-]{subsubsection.14.1.3}{\376\377\171\337\215\101\147\204\142\020\211\201\175\040\166\204\121\167\117\123\122\044\145\255}{subsection.14.1}% 179
\BOOKMARK [3][-]{subsubsection.14.1.4}{\376\377\171\337\215\101\166\204\122\006\142\306\116\016\124\010\136\166}{subsection.14.1}% 180
\BOOKMARK [3][-]{subsubsection.14.1.5}{\376\377\171\337\215\101\147\037}{subsection.14.1}% 181
\BOOKMARK [2][-]{subsection.14.2}{\376\377\142\177\171\337\116\272\117\032\213\241\131\004\164\006}{section.14}% 182
\BOOKMARK [3][-]{subsubsection.14.2.1}{\376\377\127\372\147\054\131\004\164\006\123\237\122\031}{subsection.14.2}% 183
\BOOKMARK [3][-]{subsubsection.14.2.2}{\376\377\166\370\121\163\151\202\137\365}{subsection.14.2}% 184
\BOOKMARK [3][-]{subsubsection.14.2.3}{\376\377\122\035\131\313\213\241\221\317}{subsection.14.2}% 185
\BOOKMARK [3][-]{subsubsection.14.2.4}{\376\377\124\016\176\355\213\241\221\317}{subsection.14.2}% 186
\BOOKMARK [3][-]{subsubsection.14.2.5}{\376\377\167\355\147\037\171\337\215\101\124\214\117\116\116\367\120\074\215\104\116\247\171\337\215\101}{subsection.14.2}% 187
\BOOKMARK [2][-]{subsection.14.3}{\376\377\121\372\171\337\116\272\117\032\213\241\131\004\164\006}{section.14}% 188
\BOOKMARK [3][-]{subsubsection.14.3.1}{\376\377\121\372\171\337\116\272\166\204\171\337\215\101\122\006\174\173}{subsection.14.3}% 189
\BOOKMARK [3][-]{subsubsection.14.3.2}{\376\377\121\372\171\337\116\272\133\371\207\215\215\104\171\337\215\101\166\204\117\032\213\241\131\004\164\006}{subsection.14.3}% 190
\BOOKMARK [3][-]{subsubsection.14.3.3}{\376\377\121\372\171\337\116\272\133\371\176\317\204\045\171\337\215\101\166\204\117\032\213\241\131\004\164\006}{subsection.14.3}% 191
\BOOKMARK [2][-]{subsection.14.4}{\376\377\162\171\153\212\171\337\215\101\116\032\122\241\166\204\117\032\213\241\131\004\164\006}{section.14}% 192
\BOOKMARK [3][-]{subsubsection.14.4.1}{\376\377\217\154\171\337\215\101}{subsection.14.4}% 193
\BOOKMARK [3][-]{subsubsection.14.4.2}{\376\377\165\037\116\247\125\106\142\026\176\317\225\000\125\106\121\372\171\337\116\272\166\204\207\215\215\104\171\337\215\101\117\032\213\241\131\004\164\006}{subsection.14.4}% 194
\BOOKMARK [3][-]{subsubsection.14.4.3}{\376\377\125\056\124\016\171\337\126\336\116\244\146\023\166\204\117\032\213\241\131\004\164\006}{subsection.14.4}% 195
\BOOKMARK [1][-]{section.15}{\376\377\143\001\147\011\137\205\125\056\166\204\227\136\155\101\122\250\215\104\116\247\060\001\131\004\177\156\176\304\124\214\176\310\153\142\176\317\204\045}{}% 196
\BOOKMARK [2][-]{subsection.15.1}{\376\377\143\001\147\011\137\205\125\056\166\204\227\136\155\101\122\250\215\104\116\247\124\214\131\004\177\156\176\304}{section.15}% 197
\BOOKMARK [3][-]{subsubsection.15.1.1}{\376\377\143\001\147\011\137\205\125\056\174\173\122\053\166\204\122\006\174\173}{subsection.15.1}% 198
\BOOKMARK [3][-]{subsubsection.15.1.2}{\376\377\143\001\147\011\137\205\125\056\174\173\122\053\166\204\213\241\221\317}{subsection.15.1}% 199
\BOOKMARK [3][-]{subsubsection.15.1.3}{\376\377\143\001\147\011\137\205\125\056\174\173\122\053\166\204\122\027\142\245}{subsection.15.1}% 200
\BOOKMARK [2][-]{subsection.15.2}{\376\377\176\310\153\142\176\317\204\045}{section.15}% 201
\BOOKMARK [3][-]{subsubsection.15.2.1}{\376\377\176\310\153\142\176\317\204\045\166\204\133\232\116\111}{subsection.15.2}% 202
\BOOKMARK [3][-]{subsubsection.15.2.2}{\376\377\176\310\153\142\176\317\204\045\166\204\122\027\142\245}{subsection.15.2}% 203
\BOOKMARK [3][-]{subsubsection.15.2.3}{\376\377\162\171\153\212\116\213\230\171\166\204\122\027\142\245}{subsection.15.2}% 204
\BOOKMARK [1][-]{section.16}{\376\377\142\100\147\011\200\005\147\103\166\312}{}% 205
\BOOKMARK [2][-]{subsection.16.1}{\376\377\133\236\145\066\215\104\147\054}{section.16}% 206
\BOOKMARK [3][-]{subsubsection.16.1.1}{\376\377\133\236\145\066\215\104\147\054\130\236\122\240\166\204\117\032\213\241\131\004\164\006}{subsection.16.1}% 207
\BOOKMARK [3][-]{subsubsection.16.1.2}{\376\377\133\236\145\066\215\104\147\054\121\317\134\021\166\204\117\032\213\241\131\004\164\006}{subsection.16.1}% 208
\BOOKMARK [2][-]{subsection.16.2}{\376\377\121\166\116\326\147\103\166\312\135\345\121\167}{section.16}% 209
\BOOKMARK [3][-]{subsubsection.16.2.1}{\376\377\121\166\116\326\147\103\166\312\135\345\121\167\117\032\213\241\131\004\164\006\166\204\127\372\147\054\123\237\122\031}{subsection.16.2}% 210
\BOOKMARK [3][-]{subsubsection.16.2.2}{\376\377\171\321\166\356\213\276\177\156}{subsection.16.2}% 211
\BOOKMARK [3][-]{subsubsection.16.2.3}{\376\377\116\073\211\201\215\046\122\241\131\004\164\006}{subsection.16.2}% 212
\BOOKMARK [2][-]{subsection.16.3}{\376\377\215\104\147\054\121\154\171\357\060\001\121\166\116\326\176\374\124\010\145\066\166\312\123\312\165\131\133\130\145\066\166\312}{section.16}% 213
\BOOKMARK [3][-]{subsubsection.16.3.1}{\376\377\215\104\147\054\121\154\171\357\170\156\213\244\124\214\213\241\221\317}{subsection.16.3}% 214
\BOOKMARK [3][-]{subsubsection.16.3.2}{\376\377\121\166\116\326\176\374\124\010\145\066\166\312\166\204\170\156\213\244\116\016\213\241\221\317\127\372\170\100}{subsection.16.3}% 215
\BOOKMARK [3][-]{subsubsection.16.3.3}{\376\377\166\310\117\131\121\154\171\357}{subsection.16.3}% 216
\BOOKMARK [3][-]{subsubsection.16.3.4}{\376\377\147\052\122\006\221\115\122\051\155\246}{subsection.16.3}% 217
\BOOKMARK [1][-]{section.17}{\376\377\145\066\121\145\060\001\215\071\165\050\124\214\122\051\155\246}{}% 218
\BOOKMARK [2][-]{subsection.17.1}{\376\377\145\066\121\145}{section.17}% 219
\BOOKMARK [3][-]{subsubsection.17.1.1}{\376\377\145\066\121\145\166\204\133\232\116\111\123\312\122\006\174\173}{subsection.17.1}% 220
\BOOKMARK [3][-]{subsubsection.17.1.2}{\376\377\145\066\121\145\166\204\170\156\213\244\124\214\213\241\221\317}{subsection.17.1}% 221
\BOOKMARK [3][-]{subsubsection.17.1.3}{\376\377\121\163\116\216\124\010\124\014\142\020\147\054}{subsection.17.1}% 222
\BOOKMARK [3][-]{subsubsection.17.1.4}{\376\377\121\163\116\216\162\171\133\232\116\244\146\023\166\204\117\032\213\241\131\004\164\006}{subsection.17.1}% 223
\BOOKMARK [3][-]{subsubsection.17.1.5}{\376\377\171\076\117\032\215\104\147\054\145\271\133\371\145\077\136\234\124\214\171\076\117\032\215\104\147\054\124\010\117\134\377\010\000P\000P\000P\377\011\230\171\166\356\124\010\124\014\166\204\117\032\213\241\131\004\164\006}{subsection.17.1}% 224
\BOOKMARK [2][-]{subsection.17.2}{\376\377\215\071\165\050}{section.17}% 225
\BOOKMARK [3][-]{subsubsection.17.2.1}{\376\377\215\071\165\050\166\204\170\156\213\244}{subsection.17.2}% 226
\BOOKMARK [3][-]{subsubsection.17.2.2}{\376\377\147\037\225\364\215\071\165\050}{subsection.17.2}% 227
\BOOKMARK [2][-]{subsection.17.3}{\376\377\122\051\155\246}{section.17}% 228
\BOOKMARK [3][-]{subsubsection.17.3.1}{\376\377\122\051\155\246\166\204\147\204\142\020}{subsection.17.3}% 229
\BOOKMARK [3][-]{subsubsection.17.3.2}{\376\377\204\045\116\032\131\026\145\066\145\057\166\204\117\032\213\241\131\004\164\006}{subsection.17.3}% 230
\BOOKMARK [3][-]{subsubsection.17.3.3}{\376\377\147\054\136\164\122\051\155\246\166\204\117\032\213\241\131\004\164\006}{subsection.17.3}% 231
\BOOKMARK [3][-]{subsubsection.17.3.4}{\376\377\176\374\124\010\145\066\166\312\140\073\230\235}{subsection.17.3}% 232
\BOOKMARK [1][-]{section.18}{\376\377\145\077\136\234\210\145\122\251}{}% 233
\BOOKMARK [2][-]{subsection.18.1}{\376\377\145\077\136\234\210\145\122\251\166\204\151\202\217\360}{section.18}% 234
\BOOKMARK [3][-]{subsubsection.18.1.1}{\376\377\145\077\136\234\210\145\122\251\166\204\133\232\116\111}{subsection.18.1}% 235
\BOOKMARK [3][-]{subsubsection.18.1.2}{\376\377\145\077\136\234\210\145\122\251\166\204\162\171\137\201}{subsection.18.1}% 236
\BOOKMARK [3][-]{subsubsection.18.1.3}{\376\377\145\077\136\234\210\145\122\251\166\204\122\006\174\173}{subsection.18.1}% 237
\BOOKMARK [2][-]{subsection.18.2}{\376\377\145\077\136\234\210\145\122\251\166\204\117\032\213\241\131\004\164\006}{section.18}% 238
\BOOKMARK [3][-]{subsubsection.18.2.1}{\376\377\117\032\213\241\131\004\164\006\145\271\154\325}{subsection.18.2}% 239
\BOOKMARK [3][-]{subsubsection.18.2.2}{\376\377\116\016\215\104\116\247\166\370\121\163\166\204\145\077\136\234\210\145\122\251}{subsection.18.2}% 240
\BOOKMARK [3][-]{subsubsection.18.2.3}{\376\377\116\016\145\066\166\312\166\370\121\163\166\204\145\077\136\234\210\145\122\251}{subsection.18.2}% 241
\BOOKMARK [3][-]{subsubsection.18.2.4}{\376\377\145\077\136\234\210\145\122\251\166\204\220\000\126\336}{subsection.18.2}% 242
\BOOKMARK [3][-]{subsubsection.18.2.5}{\376\377\162\171\133\232\116\032\122\241\166\204\117\032\213\241\131\004\164\006}{subsection.18.2}% 243
\BOOKMARK [2][-]{subsection.18.3}{\376\377\145\077\136\234\210\145\122\251\166\204\122\027\142\245}{section.18}% 244
\BOOKMARK [3][-]{subsubsection.18.3.1}{\376\377\145\077\136\234\210\145\122\251\127\050\122\051\155\246\210\150\116\012\166\204\122\027\171\072}{subsection.18.3}% 245
\BOOKMARK [3][-]{subsubsection.18.3.2}{\376\377\145\077\136\234\210\145\122\251\166\204\226\104\154\350\142\253\227\062}{subsection.18.3}% 246
\BOOKMARK [1][-]{section.19}{\376\377\142\100\137\227\172\016}{}% 247
\BOOKMARK [2][-]{subsection.19.1}{\376\377\142\100\137\227\172\016\150\070\173\227\166\204\127\372\147\054\123\237\164\006}{section.19}% 248
\BOOKMARK [3][-]{subsubsection.19.1.1}{\376\377\215\104\116\247\215\037\120\072\210\150\120\072\122\241\154\325}{subsection.19.1}% 249
\BOOKMARK [2][-]{subsection.19.2}{\376\377\215\104\116\247\060\001\215\037\120\072\166\204\213\241\172\016\127\372\170\100}{section.19}% 250
\BOOKMARK [3][-]{subsubsection.19.2.1}{\376\377\215\104\116\247\166\204\213\241\172\016\127\372\170\100}{subsection.19.2}% 251
\BOOKMARK [3][-]{subsubsection.19.2.2}{\376\377\215\037\120\072\166\204\213\241\172\016\127\372\170\100}{subsection.19.2}% 252
\BOOKMARK [3][-]{subsubsection.19.2.3}{\376\377\162\171\153\212\116\244\146\023\142\026\116\213\230\171\116\055\116\247\165\037\215\104\116\247\060\001\215\037\120\072\213\241\172\016\127\372\170\100\166\204\170\156\133\232}{subsection.19.2}% 253
\BOOKMARK [2][-]{subsection.19.3}{\376\377\146\202\145\366\140\047\135\356\137\002}{section.19}% 254
\BOOKMARK [3][-]{subsubsection.19.3.1}{\376\377\146\202\145\366\140\047\135\356\137\002\166\204\124\053\116\111\124\214\171\315\174\173}{subsection.19.3}% 255
\BOOKMARK [3][-]{subsubsection.19.3.2}{\376\377\162\171\153\212\230\171\166\356\116\247\165\037\166\204\146\202\145\366\140\047\135\356\137\002}{subsection.19.3}% 256
\BOOKMARK [2][-]{subsection.19.4}{\376\377\220\022\136\366\142\100\137\227\172\016\215\104\116\247\123\312\215\037\120\072\166\204\170\156\213\244\124\214\213\241\221\317}{section.19}% 257
\BOOKMARK [3][-]{subsubsection.19.4.1}{\376\377\220\022\136\366\142\100\137\227\172\016\215\037\120\072\166\204\170\156\213\244\124\214\213\241\221\317}{subsection.19.4}% 258
\BOOKMARK [3][-]{subsubsection.19.4.2}{\376\377\220\022\136\366\142\100\137\227\172\016\215\104\116\247\166\204\170\156\213\244\124\214\213\241\221\317}{subsection.19.4}% 259
\BOOKMARK [3][-]{subsubsection.19.4.3}{\376\377\162\171\153\212\116\244\146\023\142\026\116\213\230\171\116\055\155\211\123\312\220\022\136\366\142\100\137\227\172\016\166\204\170\156\213\244\124\214\213\241\221\317}{subsection.19.4}% 260
\BOOKMARK [3][-]{subsubsection.19.4.4}{\376\377\220\002\165\050\172\016\163\207\123\330\123\026\133\371\135\362\170\156\213\244\220\022\136\366\142\100\137\227\172\016}{subsection.19.4}% 261
\BOOKMARK [3][-]{subsubsection.19.4.5}{\376\377\215\104\116\247\124\214\220\022\136\366\142\100\137\227\172\016\215\037\120\072\166\204\137\161\124\315}{subsection.19.4}% 262
\BOOKMARK [2][-]{subsection.19.5}{\376\377\142\100\137\227\172\016\215\071\165\050\166\204\170\156\213\244\124\214\213\241\221\317}{section.19}% 263
\BOOKMARK [3][-]{subsubsection.19.5.1}{\376\377\137\123\147\037\142\100\137\227\172\016}{subsection.19.5}% 264
\BOOKMARK [3][-]{subsubsection.19.5.2}{\376\377\220\022\136\366\142\100\137\227\172\016}{subsection.19.5}% 265
\BOOKMARK [3][-]{subsubsection.19.5.3}{\376\377\142\100\137\227\172\016\215\071\165\050}{subsection.19.5}% 266
\BOOKMARK [2][-]{subsection.19.6}{\376\377\142\100\137\227\172\016\166\204\122\027\142\245}{section.19}% 267
\BOOKMARK [3][-]{subsubsection.19.6.1}{\376\377\122\027\142\245\166\204\127\372\147\054\123\237\122\031}{subsection.19.6}% 268
\BOOKMARK [3][-]{subsubsection.19.6.2}{\376\377\142\100\137\227\172\016\215\071\165\050\377\010\145\066\166\312\377\011\116\016\117\032\213\241\122\051\155\246\121\163\174\373\166\204\213\364\146\016}{subsection.19.6}% 269
\BOOKMARK [1][-]{section.20}{\376\377\227\136\215\047\136\001\140\047\215\104\116\247\116\244\143\142}{}% 270
\BOOKMARK [2][-]{subsection.20.1}{\376\377\227\136\215\047\136\001\140\047\215\104\116\247\116\244\143\142\166\204\151\202\137\365}{section.20}% 271
\BOOKMARK [3][-]{subsubsection.20.1.1}{\376\377\227\136\215\047\136\001\140\047\215\104\116\247\116\244\143\142\166\204\166\370\121\163\151\202\137\365}{subsection.20.1}% 272
\BOOKMARK [3][-]{subsubsection.20.1.2}{\376\377\155\211\123\312\166\204\162\171\153\212\116\244\146\023\124\214\116\213\230\171\166\204\131\004\164\006\123\237\122\031}{subsection.20.1}% 273
\BOOKMARK [2][-]{subsection.20.2}{\376\377\227\136\215\047\136\001\140\047\215\104\116\247\116\244\143\142\166\204\170\156\213\244\124\214\213\241\221\317}{section.20}% 274
\BOOKMARK [3][-]{subsubsection.20.2.1}{\376\377\227\136\215\047\136\001\140\047\215\104\116\247\116\244\143\142\166\204\170\156\213\244\123\237\122\031}{subsection.20.2}% 275
\BOOKMARK [3][-]{subsubsection.20.2.2}{\376\377\227\136\215\047\136\001\140\047\215\104\116\247\116\244\143\142\166\204\213\241\221\317\123\237\122\031}{subsection.20.2}% 276
\BOOKMARK [3][-]{subsubsection.20.2.3}{\376\377\125\106\116\032\133\236\215\050\166\204\122\044\145\255}{subsection.20.2}% 277
\BOOKMARK [2][-]{subsection.20.3}{\376\377\227\136\215\047\136\001\140\047\215\104\116\247\116\244\143\142\166\204\117\032\213\241\131\004\164\006}{section.20}% 278
\BOOKMARK [3][-]{subsubsection.20.3.1}{\376\377\116\345\121\154\121\101\116\367\120\074\116\072\127\372\170\100\213\241\221\317\166\204\117\032\213\241\131\004\164\006}{subsection.20.3}% 279
\BOOKMARK [3][-]{subsubsection.20.3.2}{\376\377\116\345\215\046\227\142\116\367\120\074\116\072\127\372\170\100\213\241\221\317\166\204\117\032\213\241\131\004\164\006}{subsection.20.3}% 280
\BOOKMARK [3][-]{subsubsection.20.3.3}{\376\377\155\211\123\312\131\032\230\171\227\136\215\047\136\001\140\047\215\104\116\247\116\244\143\142\166\204\117\032\213\241\131\004\164\006}{subsection.20.3}% 281
\BOOKMARK [1][-]{section.21}{\376\377\120\072\122\241\221\315\176\304}{}% 282
\BOOKMARK [2][-]{subsection.21.1}{\376\377\120\072\122\241\221\315\176\304\166\204\133\232\116\111\123\312\145\271\154\325}{section.21}% 283
\BOOKMARK [3][-]{subsubsection.21.1.1}{\376\377\120\072\122\241\221\315\176\304\166\204\133\232\116\111}{subsection.21.1}% 284
\BOOKMARK [3][-]{subsubsection.21.1.2}{\376\377\120\072\122\241\221\315\176\304\166\204\145\271\137\017}{subsection.21.1}% 285
\BOOKMARK [2][-]{subsection.21.2}{\376\377\120\072\122\241\221\315\176\304\166\204\117\032\213\241\131\004\164\006}{section.21}% 286
\BOOKMARK [3][-]{subsubsection.21.2.1}{\376\377\120\072\147\103\124\214\120\072\122\241\166\204\176\310\153\142\170\156\213\244}{subsection.21.2}% 287
\BOOKMARK [3][-]{subsubsection.21.2.2}{\376\377\120\072\147\103\116\272\124\214\120\072\122\241\116\272\166\204\121\167\117\123\215\046\122\241\131\004\164\006\123\237\122\031}{subsection.21.2}% 288
\BOOKMARK [2][-]{subsection.21.3}{\376\377\120\072\122\241\221\315\176\304\166\204\166\370\121\163\142\253\227\062}{section.21}% 289
\BOOKMARK [3][-]{subsubsection.21.3.1}{\376\377\117\341\140\157\142\253\227\062\166\204\127\372\147\054\211\201\154\102}{subsection.21.3}% 290
\BOOKMARK [3][-]{subsubsection.21.3.2}{\376\377\136\224\137\123\142\253\227\062\166\204\117\341\140\157}{subsection.21.3}% 291
\BOOKMARK [1][-]{section.22}{\376\377\131\026\136\001\142\230\173\227}{}% 292
\BOOKMARK [2][-]{subsection.22.1}{\376\377\213\260\215\046\147\054\117\115\136\001\166\204\170\156\133\232}{section.22}% 293
\BOOKMARK [3][-]{subsubsection.22.1.1}{\376\377\213\260\215\046\147\054\117\115\136\001\166\204\170\156\133\232}{subsection.22.1}% 294
\BOOKMARK [3][-]{subsubsection.22.1.2}{\376\377\130\203\131\026\176\317\204\045\213\260\215\046\147\054\117\115\136\001\166\204\170\156\133\232}{subsection.22.1}% 295
\BOOKMARK [3][-]{subsubsection.22.1.3}{\376\377\213\260\215\046\147\054\117\115\136\001\123\330\146\364\166\204\117\032\213\241\131\004\164\006}{subsection.22.1}% 296
\BOOKMARK [2][-]{subsection.22.2}{\376\377\131\026\136\001\116\244\146\023\166\204\117\032\213\241\131\004\164\006}{section.22}% 297
\BOOKMARK [3][-]{subsubsection.22.2.1}{\376\377\154\107\163\207}{subsection.22.2}% 298
\BOOKMARK [3][-]{subsubsection.22.2.2}{\376\377\131\026\136\001\116\244\146\023\166\204\213\260\215\046\145\271\154\325}{subsection.22.2}% 299
\BOOKMARK [3][-]{subsubsection.22.2.3}{\376\377\131\026\136\001\116\244\146\023\166\204\117\032\213\241\131\004\164\006}{subsection.22.2}% 300
\BOOKMARK [2][-]{subsection.22.3}{\376\377\131\026\136\001\215\042\122\241\142\245\210\150\142\230\173\227}{section.22}% 301
\BOOKMARK [3][-]{subsubsection.22.3.1}{\376\377\130\203\131\026\176\317\204\045\215\042\122\241\142\245\210\150\166\204\142\230\173\227}{subsection.22.3}% 302
\BOOKMARK [3][-]{subsubsection.22.3.2}{\376\377\130\203\131\026\176\317\204\045\166\204\131\004\177\156}{subsection.22.3}% 303
\BOOKMARK [1][-]{section.23}{\376\377\215\042\122\241\142\245\124\112}{}% 304
\BOOKMARK [2][-]{subsection.23.1}{\376\377\215\042\122\241\142\245\210\150\151\202\217\360}{section.23}% 305
\BOOKMARK [3][-]{subsubsection.23.1.1}{\376\377\215\042\122\241\142\245\210\150\166\204\133\232\116\111\124\214\147\204\142\020}{subsection.23.1}% 306
\BOOKMARK [3][-]{subsubsection.23.1.2}{\376\377\215\042\122\241\142\245\210\150\122\027\142\245\166\204\127\372\147\054\211\201\154\102}{subsection.23.1}% 307
\BOOKMARK [2][-]{subsection.23.2}{\376\377\215\104\116\247\215\037\120\072\210\150}{section.23}% 308
\BOOKMARK [3][-]{subsubsection.23.2.1}{\376\377\215\104\116\247\215\037\120\072\210\150\166\204\121\205\133\271\123\312\176\323\147\204}{subsection.23.2}% 309
\BOOKMARK [3][-]{subsubsection.23.2.2}{\376\377\215\104\116\247\124\214\215\037\120\072\143\011\155\101\122\250\140\047\122\027\142\245}{subsection.23.2}% 310
\BOOKMARK [3][-]{subsubsection.23.2.3}{\376\377\215\104\116\247\215\037\120\072\210\150\166\204\130\153\122\027\145\271\154\325}{subsection.23.2}% 311
\BOOKMARK [2][-]{subsection.23.3}{\376\377\122\051\155\246\210\150}{section.23}% 312
\BOOKMARK [3][-]{subsubsection.23.3.1}{\376\377\122\051\155\246\210\150\166\204\121\205\133\271\123\312\176\323\147\204}{subsection.23.3}% 313
\BOOKMARK [3][-]{subsubsection.23.3.2}{\376\377\122\051\155\246\210\150\166\204\130\153\122\027\145\271\154\325}{subsection.23.3}% 314
\BOOKMARK [2][-]{subsection.23.4}{\376\377\163\260\221\321\155\101\221\317\210\150}{section.23}% 315
\BOOKMARK [3][-]{subsubsection.23.4.1}{\376\377\163\260\221\321\155\101\221\317\210\150\166\204\121\205\133\271\123\312\176\323\147\204}{subsection.23.4}% 316
\BOOKMARK [3][-]{subsubsection.23.4.2}{\376\377\163\260\221\321\155\101\221\317\210\150\166\204\130\153\122\027\145\271\154\325}{subsection.23.4}% 317
\BOOKMARK [3][-]{subsubsection.23.4.3}{\376\377\163\260\221\321\155\101\221\317\210\150\166\204\177\026\122\066\145\271\154\325\123\312\172\013\136\217}{subsection.23.4}% 318
\BOOKMARK [3][-]{subsubsection.23.4.4}{\376\377\163\260\221\321\155\101\221\317\210\150\177\026\122\066\171\072\117\213}{subsection.23.4}% 319
\BOOKMARK [2][-]{subsection.23.5}{\376\377\142\100\147\011\200\005\147\103\166\312\123\330\122\250\210\150}{section.23}% 320
\BOOKMARK [3][-]{subsubsection.23.5.1}{\376\377\142\100\147\011\200\005\147\103\166\312\123\330\122\250\210\150\166\204\121\205\133\271\123\312\176\323\147\204}{subsection.23.5}% 321
\BOOKMARK [3][-]{subsubsection.23.5.2}{\376\377\142\100\147\011\200\005\147\103\166\312\123\330\122\250\210\150\166\204\130\153\122\027\145\271\154\325}{subsection.23.5}% 322
\BOOKMARK [2][-]{subsection.23.6}{\376\377\215\042\122\241\142\245\210\150\226\104\154\350\142\253\227\062}{section.23}% 323
\BOOKMARK [3][-]{subsubsection.23.6.1}{\376\377\226\104\154\350\142\253\227\062\166\204\140\073\117\123\211\201\154\102}{subsection.23.6}% 324
\BOOKMARK [3][-]{subsubsection.23.6.2}{\376\377\226\104\154\350\166\204\116\073\211\201\121\205\133\271}{subsection.23.6}% 325
\BOOKMARK [3][-]{subsubsection.23.6.3}{\376\377\122\006\220\350\142\245\124\112}{subsection.23.6}% 326
\BOOKMARK [3][-]{subsubsection.23.6.4}{\376\377\121\163\200\124\145\271\142\253\227\062}{subsection.23.6}% 327
\BOOKMARK [2][-]{subsection.23.7}{\376\377\116\055\147\037\215\042\122\241\142\245\210\150}{section.23}% 328
\BOOKMARK [3][-]{subsubsection.23.7.1}{\376\377\116\055\147\037\215\042\122\241\142\245\124\112\166\204\133\232\116\111\123\312\121\166\147\204\142\020}{subsection.23.7}% 329
\BOOKMARK [3][-]{subsubsection.23.7.2}{\376\377\116\055\147\037\215\042\122\241\142\245\124\112\166\204\177\026\122\066\211\201\154\102}{subsection.23.7}% 330
\BOOKMARK [3][-]{subsubsection.23.7.3}{\376\377\116\055\147\037\215\042\122\241\142\245\124\112\226\104\154\350\166\204\177\026\122\066\211\201\154\102}{subsection.23.7}% 331
\BOOKMARK [1][-]{section.24}{\376\377\117\032\213\241\145\077\173\126\060\001\117\032\213\241\117\060\213\241\123\312\121\166\123\330\146\364\124\214\135\356\225\031\146\364\153\143}{}% 332
\BOOKMARK [2][-]{subsection.24.1}{\376\377\117\032\213\241\145\077\173\126\123\312\121\166\123\330\146\364\166\204\151\202\217\360}{section.24}% 333
\BOOKMARK [3][-]{subsubsection.24.1.1}{\376\377\117\032\213\241\145\077\173\126\166\204\151\202\217\360}{subsection.24.1}% 334
\BOOKMARK [3][-]{subsubsection.24.1.2}{\376\377\117\032\213\241\145\077\173\126\123\330\146\364\166\204\151\202\217\360}{subsection.24.1}% 335
\BOOKMARK [2][-]{subsection.24.2}{\376\377\117\032\213\241\117\060\213\241\123\312\121\166\123\330\146\364\166\204\151\202\217\360}{section.24}% 336
\BOOKMARK [3][-]{subsubsection.24.2.1}{\376\377\117\032\213\241\117\060\213\241\166\204\151\202\217\360}{subsection.24.2}% 337
\BOOKMARK [3][-]{subsubsection.24.2.2}{\376\377\117\032\213\241\117\060\213\241\123\330\146\364\166\204\151\202\217\360}{subsection.24.2}% 338
\BOOKMARK [2][-]{subsection.24.3}{\376\377\117\032\213\241\145\077\173\126\116\016\117\032\213\241\117\060\213\241\123\312\121\166\123\330\146\364\166\204\122\022\122\006}{section.24}% 339
\BOOKMARK [2][-]{subsection.24.4}{\376\377\117\032\213\241\145\077\173\126\124\214\117\032\213\241\117\060\213\241\123\330\146\364\166\204\117\032\213\241\131\004\164\006}{section.24}% 340
\BOOKMARK [3][-]{subsubsection.24.4.1}{\376\377\117\032\213\241\145\077\173\126\123\330\146\364\166\204\117\032\213\241\131\004\164\006}{subsection.24.4}% 341
\BOOKMARK [3][-]{subsubsection.24.4.2}{\376\377\117\032\213\241\117\060\213\241\123\330\146\364\166\204\117\032\213\241\131\004\164\006}{subsection.24.4}% 342
\BOOKMARK [2][-]{subsection.24.5}{\376\377\122\115\147\037\135\356\225\031\123\312\121\166\146\364\153\143}{section.24}% 343
\BOOKMARK [3][-]{subsubsection.24.5.1}{\376\377\122\115\147\037\135\356\225\031\151\202\217\360}{subsection.24.5}% 344
\BOOKMARK [3][-]{subsubsection.24.5.2}{\376\377\122\115\147\037\135\356\225\031\146\364\153\143\166\204\117\032\213\241\131\004\164\006}{subsection.24.5}% 345
\BOOKMARK [3][-]{subsubsection.24.5.3}{\376\377\122\115\147\037\135\356\225\031\146\364\153\143\166\204\142\253\227\062}{subsection.24.5}% 346
\BOOKMARK [1][-]{section.25}{\376\377\215\104\116\247\215\037\120\072\210\150\145\345\124\016\116\213\230\171}{}% 347
\BOOKMARK [2][-]{subsection.25.1}{\376\377\215\104\116\247\215\037\120\072\210\150\145\345\124\016\116\213\230\171\151\202\217\360}{section.25}% 348
\BOOKMARK [3][-]{subsubsection.25.1.1}{\376\377\215\104\116\247\215\037\120\072\210\150\145\345\124\016\116\213\230\171\166\204\133\232\116\111}{subsection.25.1}% 349
\BOOKMARK [3][-]{subsubsection.25.1.2}{\376\377\215\104\116\247\215\037\120\072\210\150\145\345\124\016\116\213\230\171\155\265\166\326\166\204\147\037\225\364}{subsection.25.1}% 350
\BOOKMARK [3][-]{subsubsection.25.1.3}{\376\377\215\104\116\247\215\037\120\072\210\150\145\345\124\016\116\213\230\171\166\204\121\205\133\271}{subsection.25.1}% 351
\BOOKMARK [2][-]{subsection.25.2}{\376\377\214\003\145\164\116\213\230\171\166\204\117\032\213\241\131\004\164\006}{section.25}% 352
\BOOKMARK [3][-]{subsubsection.25.2.1}{\376\377\214\003\145\164\116\213\230\171\166\204\131\004\164\006\123\237\122\031}{subsection.25.2}% 353
\BOOKMARK [3][-]{subsubsection.25.2.2}{\376\377\215\104\116\247\215\037\120\072\210\150\145\345\124\016\214\003\145\164\116\213\230\171\166\204\121\167\117\123\117\032\213\241\131\004\164\006\145\271\154\325}{subsection.25.2}% 354
\BOOKMARK [2][-]{subsection.25.3}{\376\377\227\136\214\003\145\164\116\213\230\171\166\204\117\032\213\241\131\004\164\006}{section.25}% 355
\BOOKMARK [3][-]{subsubsection.25.3.1}{\376\377\227\136\214\003\145\164\116\213\230\171\166\204\131\004\164\006\123\237\122\031}{subsection.25.3}% 356
\BOOKMARK [3][-]{subsubsection.25.3.2}{\376\377\227\136\214\003\145\164\116\213\230\171\166\204\121\167\117\123\117\032\213\241\131\004\164\006\122\236\154\325}{subsection.25.3}% 357
\BOOKMARK [1][-]{section.26}{\376\377\117\001\116\032\124\010\136\166}{}% 358
\BOOKMARK [2][-]{subsection.26.1}{\376\377\117\001\116\032\124\010\136\166\151\202\217\360}{section.26}% 359
\BOOKMARK [3][-]{subsubsection.26.1.1}{\376\377\117\001\116\032\124\010\136\166\166\204\165\114\133\232}{subsection.26.1}% 360
\BOOKMARK [3][-]{subsubsection.26.1.2}{\376\377\117\001\116\032\124\010\136\166\166\204\145\271\137\017}{subsection.26.1}% 361
\BOOKMARK [3][-]{subsubsection.26.1.3}{\376\377\117\001\116\032\124\010\136\166\174\173\127\213\166\204\122\022\122\006}{subsection.26.1}% 362
\BOOKMARK [2][-]{subsection.26.2}{\376\377\117\001\116\032\124\010\136\166\166\204\117\032\213\241\131\004\164\006}{section.26}% 363
\BOOKMARK [3][-]{subsubsection.26.2.1}{\376\377\124\014\116\000\143\247\122\066\116\013\166\204\117\001\116\032\124\010\136\166\166\204\131\004\164\006}{subsection.26.2}% 364
\BOOKMARK [3][-]{subsubsection.26.2.2}{\376\377\227\136\124\014\116\000\143\247\122\066\116\013\166\204\117\001\116\032\124\010\136\166\166\204\131\004\164\006}{subsection.26.2}% 365
\BOOKMARK [3][-]{subsubsection.26.2.3}{\376\377\124\014\116\000\143\247\122\066\116\013\117\001\116\032\124\010\136\166\155\211\123\312\166\204\142\026\147\011\133\371\116\367}{subsection.26.2}% 366
\BOOKMARK [3][-]{subsubsection.26.2.4}{\376\377\227\136\124\014\116\000\143\247\122\066\116\013\117\001\116\032\124\010\136\166\155\211\123\312\166\204\142\026\147\011\133\371\116\367}{subsection.26.2}% 367
\BOOKMARK [3][-]{subsubsection.26.2.5}{\376\377\123\315\124\021\215\055\116\160\166\204\131\004\164\006}{subsection.26.2}% 368
\BOOKMARK [3][-]{subsubsection.26.2.6}{\376\377\210\253\215\055\116\160\145\271\166\204\117\032\213\241\131\004\164\006}{subsection.26.2}% 369
\BOOKMARK [1][-]{section.27}{\376\377\124\010\136\166\215\042\122\241\142\245\210\150}{}% 370
\BOOKMARK [2][-]{subsection.27.1}{\376\377\124\010\136\166\203\003\126\364\166\204\170\156\133\232}{section.27}% 371
\BOOKMARK [3][-]{subsubsection.27.1.1}{\376\377\116\345\143\247\122\066\116\072\127\372\170\100\377\014\170\156\133\232\124\010\136\166\203\003\126\364}{subsection.27.1}% 372
\BOOKMARK [3][-]{subsubsection.27.1.2}{\376\377\176\263\121\145\124\010\136\166\203\003\126\364\166\204\162\171\153\212\140\305\121\265}{subsection.27.1}% 373
\BOOKMARK [3][-]{subsubsection.27.1.3}{\376\377\124\010\136\166\203\003\126\364\166\204\214\101\121\115}{subsection.27.1}% 374
\BOOKMARK [3][-]{subsubsection.27.1.4}{\376\377\143\247\122\066\166\204\143\001\176\355\213\304\117\060}{subsection.27.1}% 375
\BOOKMARK [2][-]{subsection.27.2}{\376\377\124\010\136\166\215\042\122\241\142\245\210\150\177\026\122\066\123\237\122\031\060\001\122\115\147\037\121\306\131\007\116\213\230\171\123\312\172\013\136\217}{section.27}% 376
\BOOKMARK [3][-]{subsubsection.27.2.1}{\376\377\124\010\136\166\215\042\122\241\142\245\210\150\166\204\177\026\122\066\123\237\122\031}{subsection.27.2}% 377
\BOOKMARK [3][-]{subsubsection.27.2.2}{\376\377\124\010\136\166\215\042\122\241\142\245\210\150\166\204\147\204\142\020}{subsection.27.2}% 378
\BOOKMARK [3][-]{subsubsection.27.2.3}{\376\377\124\010\136\166\215\042\122\241\142\245\210\150\177\026\122\066\166\204\122\115\147\037\121\306\131\007\116\213\230\171}{subsection.27.2}% 379
\BOOKMARK [3][-]{subsubsection.27.2.4}{\376\377\124\010\136\166\215\042\122\241\142\245\210\150\166\204\177\026\122\066\172\013\136\217}{subsection.27.2}% 380
\BOOKMARK [3][-]{subsubsection.27.2.5}{\376\377\177\026\122\066\124\010\136\166\215\042\122\241\142\245\210\150\227\000\211\201\214\003\145\164\142\265\155\210\166\204\171\321\166\356}{subsection.27.2}% 381
\BOOKMARK [3][-]{subsubsection.27.2.6}{\376\377\124\010\136\166\215\042\122\241\142\245\210\150\166\204\150\074\137\017}{subsection.27.2}% 382
\BOOKMARK [2][-]{subsection.27.3}{\376\377\124\014\116\000\143\247\122\066\116\013\225\177\147\037\200\241\147\103\142\225\215\104\116\016\142\100\147\011\200\005\147\103\166\312\166\204\124\010\136\166\131\004\164\006}{section.27}% 383
\BOOKMARK [3][-]{subsubsection.27.3.1}{\376\377\124\014\116\000\143\247\122\066\116\013\123\326\137\227\133\120\121\154\123\370\124\010\136\166\145\345\124\010\136\166\215\042\122\241\142\245\210\150\166\204\177\026\122\066}{subsection.27.3}% 384
\BOOKMARK [3][-]{subsubsection.27.3.2}{\376\377\166\364\143\245\142\225\215\104\123\312\124\014\116\000\143\247\122\066\116\013\123\326\137\227\133\120\121\154\123\370\124\010\136\166\145\345\124\016\124\010\136\166\215\042\122\241\142\245\210\150\166\204\177\026\122\066}{subsection.27.3}% 385
\BOOKMARK [2][-]{subsection.27.4}{\376\377\227\136\124\014\116\000\143\247\122\066\116\013\225\177\147\037\200\241\147\103\142\225\215\104\116\016\142\100\147\011\200\005\147\103\166\312\166\204\124\010\136\166\131\004\164\006}{section.27}% 386
\BOOKMARK [3][-]{subsubsection.27.4.1}{\376\377\227\136\124\014\116\000\143\247\122\066\116\013\123\326\137\227\133\120\121\154\123\370\215\055\116\160\145\345\124\010\136\166\215\042\122\241\142\245\210\150\166\204\177\026\122\066}{subsection.27.4}% 387
\BOOKMARK [3][-]{subsubsection.27.4.2}{\376\377\227\136\124\014\116\000\143\247\122\066\116\013\123\326\137\227\133\120\121\154\123\370\215\055\116\160\145\345\124\016\124\010\136\166\215\042\122\241\142\245\210\150\166\204\177\026\122\066}{subsection.27.4}% 388
\BOOKMARK [2][-]{subsection.27.5}{\376\377\121\205\220\350\125\106\124\301\116\244\146\023\166\204\124\010\136\166\131\004\164\006}{section.27}% 389
\BOOKMARK [3][-]{subsubsection.27.5.1}{\376\377\121\205\220\350\225\000\125\056\145\066\121\145\124\214\121\205\220\350\225\000\125\056\142\020\147\054\166\204\142\265\155\210\131\004\164\006}{subsection.27.5}% 390
\BOOKMARK [3][-]{subsubsection.27.5.2}{\376\377\217\336\176\355\177\026\122\066\124\010\136\166\215\042\122\241\142\245\210\150\145\366\121\205\220\350\225\000\125\056\125\106\124\301\166\204\124\010\136\166\131\004\164\006}{subsection.27.5}% 391
\BOOKMARK [3][-]{subsubsection.27.5.3}{\376\377\133\130\215\047\215\314\116\367\121\306\131\007\166\204\124\010\136\166\131\004\164\006}{subsection.27.5}% 392
\BOOKMARK [2][-]{subsection.27.6}{\376\377\121\205\220\350\120\072\122\070\120\072\122\241\166\204\124\010\136\166\131\004\164\006}{section.27}% 393
\BOOKMARK [3][-]{subsubsection.27.6.1}{\376\377\121\205\220\350\120\072\122\070\120\072\122\241\142\265\155\210\151\202\217\360}{subsection.27.6}% 394
\BOOKMARK [3][-]{subsubsection.27.6.2}{\376\377\121\205\220\350\136\224\145\066\136\224\116\330\153\076\230\171\123\312\121\166\127\117\215\046\121\306\131\007\166\204\124\010\136\166\131\004\164\006}{subsection.27.6}% 395
\BOOKMARK [3][-]{subsubsection.27.6.3}{\376\377\217\336\176\355\177\026\122\066\124\010\136\166\215\042\122\241\142\245\210\150\145\366\121\205\220\350\136\224\145\066\136\224\116\330\153\076\230\171\123\312\121\166\127\117\215\046\121\306\131\007\166\204\124\010\136\166\131\004\164\006}{subsection.27.6}% 396
\BOOKMARK [2][-]{subsection.27.7}{\376\377\121\205\220\350\126\372\133\232\215\104\116\247\116\244\146\023\166\204\124\010\136\166\131\004\164\006}{section.27}% 397
\BOOKMARK [3][-]{subsubsection.27.7.1}{\376\377\121\205\220\350\126\372\133\232\215\104\116\247\116\244\146\023\151\202\217\360}{subsection.27.7}% 398
\BOOKMARK [3][-]{subsubsection.27.7.2}{\376\377\121\205\220\350\126\372\133\232\215\104\116\247\116\244\146\023\137\123\147\037\166\204\124\010\136\166\131\004\164\006}{subsection.27.7}% 399
\BOOKMARK [3][-]{subsubsection.27.7.3}{\376\377\121\205\220\350\116\244\146\023\126\372\133\232\215\104\116\247\123\326\137\227\124\016\131\004\177\156\122\115\147\037\225\364\166\204\124\010\136\166\131\004\164\006}{subsection.27.7}% 400
\BOOKMARK [3][-]{subsubsection.27.7.4}{\376\377\121\205\220\350\116\244\146\023\126\372\133\232\215\104\116\247\156\005\164\006\147\037\225\364\166\204\124\010\136\166\131\004\164\006}{subsection.27.7}% 401
\BOOKMARK [2][-]{subsection.27.8}{\376\377\121\205\220\350\145\340\137\142\215\104\116\247\116\244\146\023\166\204\124\010\136\166\131\004\164\006}{section.27}% 402
\BOOKMARK [3][-]{subsubsection.27.8.1}{\376\377\121\205\220\350\145\340\137\142\215\104\116\247\116\244\146\023\137\123\147\037\166\204\124\010\136\166\131\004\164\006}{subsection.27.8}% 403
\BOOKMARK [3][-]{subsubsection.27.8.2}{\376\377\121\205\220\350\116\244\146\023\145\340\137\142\215\104\116\247\143\001\147\011\147\037\225\364\166\204\124\010\136\166\131\004\164\006}{subsection.27.8}% 404
\BOOKMARK [3][-]{subsubsection.27.8.3}{\376\377\121\205\220\350\145\340\137\142\215\104\116\247\116\244\146\023\144\112\225\000\133\214\153\325\166\204\147\037\225\364\166\204\124\010\136\166\131\004\164\006}{subsection.27.8}% 405
\BOOKMARK [2][-]{subsection.27.9}{\376\377\162\171\153\212\116\244\146\023\127\050\124\010\136\166\215\042\122\241\142\245\210\150\116\055\166\204\117\032\213\241\131\004\164\006}{section.27}% 406
\BOOKMARK [3][-]{subsubsection.27.9.1}{\376\377\217\375\122\240\142\225\215\104\166\204\117\032\213\241\131\004\164\006}{subsection.27.9}% 407
\BOOKMARK [3][-]{subsubsection.27.9.2}{\376\377\131\004\177\156\133\371\133\120\121\154\123\370\142\225\215\104\166\204\117\032\213\241\131\004\164\006}{subsection.27.9}% 408
\BOOKMARK [3][-]{subsubsection.27.9.3}{\376\377\126\340\133\120\121\154\123\370\134\021\145\160\200\241\116\034\130\236\215\104\133\374\201\364\153\315\121\154\123\370\200\241\147\103\172\000\221\312\166\204\117\032\213\241\131\004\164\006}{subsection.27.9}% 409
\BOOKMARK [3][-]{subsubsection.27.9.4}{\376\377\116\244\123\311\143\001\200\241\166\204\124\010\136\166\131\004\164\006}{subsection.27.9}% 410
\BOOKMARK [3][-]{subsubsection.27.9.5}{\376\377\220\006\155\101\116\244\146\023\166\204\124\010\136\166\131\004\164\006}{subsection.27.9}% 411
\BOOKMARK [3][-]{subsubsection.27.9.6}{\376\377\121\166\116\326\162\171\153\212\116\244\146\023}{subsection.27.9}% 412
\BOOKMARK [2][-]{subsection.27.10}{\376\377\142\100\137\227\172\016\117\032\213\241\166\370\121\163\166\204\124\010\136\166\131\004\164\006}{section.27}% 413
\BOOKMARK [2][-]{subsection.27.11}{\376\377\124\010\136\166\163\260\221\321\155\101\221\317\210\150\166\204\177\026\122\066}{section.27}% 414
\BOOKMARK [3][-]{subsubsection.27.11.1}{\376\377\124\010\136\166\163\260\221\321\155\101\221\317\210\150\151\202\217\360}{subsection.27.11}% 415
\BOOKMARK [3][-]{subsubsection.27.11.2}{\376\377\177\026\122\066\124\010\136\166\163\260\221\321\155\101\221\317\210\150\227\000\211\201\142\265\155\210\166\204\230\171\166\356}{subsection.27.11}% 416
\BOOKMARK [1][-]{section.28}{\376\377\153\317\200\241\145\066\166\312}{}% 417
\BOOKMARK [2][-]{subsection.28.1}{\376\377\153\317\200\241\145\066\166\312\166\204\127\372\147\054\151\202\137\365}{section.28}% 418
\BOOKMARK [2][-]{subsection.28.2}{\376\377\127\372\147\054\153\317\200\241\145\066\166\312}{section.28}% 419
\BOOKMARK [3][-]{subsubsection.28.2.1}{\376\377\122\006\133\120\166\204\170\156\133\232}{subsection.28.2}% 420
\BOOKMARK [3][-]{subsubsection.28.2.2}{\376\377\122\006\153\315\166\204\170\156\133\232}{subsection.28.2}% 421
\BOOKMARK [2][-]{subsection.28.3}{\376\377\172\000\221\312\153\317\200\241\145\066\166\312}{section.28}% 422
\BOOKMARK [3][-]{subsubsection.28.3.1}{\376\377\127\372\147\054\213\241\173\227\123\237\122\031}{subsection.28.3}% 423
\BOOKMARK [3][-]{subsubsection.28.3.2}{\376\377\123\357\217\154\143\142\121\154\123\370\120\072\122\070}{subsection.28.3}% 424
\BOOKMARK [3][-]{subsubsection.28.3.3}{\376\377\213\244\200\241\147\103\213\301\060\001\200\241\116\375\147\037\147\103}{subsection.28.3}% 425
\BOOKMARK [3][-]{subsubsection.28.3.4}{\376\377\226\120\122\066\140\047\200\241\171\150}{subsection.28.3}% 426
\BOOKMARK [3][-]{subsubsection.28.3.5}{\376\377\117\001\116\032\142\177\213\372\134\006\126\336\215\055\121\166\200\241\116\375\166\204\124\010\124\014}{subsection.28.3}% 427
\BOOKMARK [3][-]{subsubsection.28.3.6}{\376\377\131\032\230\171\157\134\127\050\146\156\220\032\200\241}{subsection.28.3}% 428
\BOOKMARK [3][-]{subsubsection.28.3.7}{\376\377\133\120\121\154\123\370\060\001\124\010\204\045\117\001\116\032\142\026\200\124\204\045\117\001\116\032\123\321\210\114\166\204\157\134\127\050\146\156\220\032\200\241}{subsection.28.3}% 429
\BOOKMARK [2][-]{subsection.28.4}{\376\377\153\317\200\241\145\066\166\312\166\204\122\027\142\245}{section.28}% 430
\BOOKMARK [3][-]{subsubsection.28.4.1}{\376\377\221\315\145\260\213\241\173\227}{subsection.28.4}% 431
\BOOKMARK [3][-]{subsubsection.28.4.2}{\376\377\122\027\142\245}{subsection.28.4}% 432
\BOOKMARK [1][-]{section.29}{\376\377\121\154\121\101\116\367\120\074\213\241\221\317}{}% 433
\BOOKMARK [2][-]{subsection.29.1}{\376\377\121\154\121\101\116\367\120\074\151\202\217\360}{section.29}% 434
\BOOKMARK [3][-]{subsubsection.29.1.1}{\376\377\121\154\121\101\116\367\120\074\166\204\133\232\116\111}{subsection.29.1}% 435
\BOOKMARK [3][-]{subsubsection.29.1.2}{\376\377\121\154\121\101\116\367\120\074\213\241\221\317\166\204\127\372\147\054\211\201\154\102}{subsection.29.1}% 436
\BOOKMARK [2][-]{subsection.29.2}{\376\377\121\154\121\101\116\367\120\074\213\241\221\317\211\201\154\102}{section.29}% 437
\BOOKMARK [3][-]{subsubsection.29.2.1}{\376\377\121\154\121\101\116\367\120\074\166\204\122\035\131\313\213\241\221\317}{subsection.29.2}% 438
\BOOKMARK [3][-]{subsubsection.29.2.2}{\376\377\117\060\120\074\142\200\147\057}{subsection.29.2}% 439
\BOOKMARK [3][-]{subsubsection.29.2.3}{\376\377\217\223\121\145\120\074}{subsection.29.2}% 440
\BOOKMARK [3][-]{subsubsection.29.2.4}{\376\377\121\154\121\101\116\367\120\074\134\102\153\041}{subsection.29.2}% 441
\BOOKMARK [2][-]{subsection.29.3}{\376\377\121\154\121\101\116\367\120\074\213\241\221\317\166\204\121\167\117\123\136\224\165\050}{section.29}% 442
\BOOKMARK [3][-]{subsubsection.29.3.1}{\376\377\227\136\221\321\207\215\215\104\116\247}{subsection.29.3}% 443
\BOOKMARK [3][-]{subsubsection.29.3.2}{\376\377\215\037\120\072\124\214\117\001\116\032\201\352\216\253\147\103\166\312\135\345\121\167\166\204\121\154\121\101\116\367\120\074\213\241\221\317}{subsection.29.3}% 444
\BOOKMARK [3][-]{subsubsection.29.3.3}{\376\377\136\002\127\072\230\316\226\151\142\026\117\341\165\050\230\316\226\151\123\357\142\265\155\210\166\204\221\321\230\235}{subsection.29.3}% 445
\BOOKMARK [3][-]{subsubsection.29.3.4}{\376\377\215\104\116\247\124\214\221\321\207\215\215\037\120\072\166\204\121\154\121\101\116\367\120\074\213\241\221\317}{subsection.29.3}% 446
\BOOKMARK [1][-]{section.30}{\376\377\145\077\136\234\123\312\154\021\225\364\227\136\166\310\122\051\176\304\176\307\117\032\213\241}{}% 447
\BOOKMARK [2][-]{subsection.30.1}{\376\377\145\077\136\234\117\032\213\241\151\202\217\360}{section.30}% 448
\BOOKMARK [3][-]{subsubsection.30.1.1}{\376\377\145\077\136\234\117\032\213\241\150\007\121\306\117\123\174\373}{subsection.30.1}% 449
\BOOKMARK [3][-]{subsubsection.30.1.2}{\376\377\145\077\136\234\117\032\213\241\150\070\173\227\152\041\137\017}{subsection.30.1}% 450
\BOOKMARK [3][-]{subsubsection.30.1.3}{\376\377\145\077\136\234\117\032\213\241\211\201\175\040\123\312\121\166\170\156\213\244\124\214\213\241\221\317}{subsection.30.1}% 451
\BOOKMARK [3][-]{subsubsection.30.1.4}{\376\377\145\077\136\234\215\042\122\241\142\245\124\112\124\214\121\263\173\227\142\245\124\112}{subsection.30.1}% 452
\BOOKMARK [2][-]{subsection.30.2}{\376\377\145\077\136\234\123\125\117\115\162\171\133\232\116\032\122\241\166\204\117\032\213\241\150\070\173\227}{section.30}% 453
\BOOKMARK [3][-]{subsubsection.30.2.1}{\376\377\123\125\117\115\117\032\213\241\150\070\173\227\116\000\202\054\123\237\122\031}{subsection.30.2}% 454
\BOOKMARK [3][-]{subsubsection.30.2.2}{\376\377\215\042\145\077\142\350\153\076\145\066\145\057\116\032\122\241}{subsection.30.2}% 455
\BOOKMARK [3][-]{subsubsection.30.2.3}{\376\377\227\136\215\042\145\077\142\350\153\076\145\066\145\057\116\032\122\241}{subsection.30.2}% 456
\BOOKMARK [3][-]{subsubsection.30.2.4}{\376\377\230\204\173\227\176\323\217\154\176\323\117\131\123\312\122\006\221\115\116\032\122\241}{subsection.30.2}% 457
\BOOKMARK [3][-]{subsubsection.30.2.5}{\376\377\121\300\215\104\116\247\116\032\122\241}{subsection.30.2}% 458
\BOOKMARK [3][-]{subsubsection.30.2.6}{\376\377\215\104\116\247\116\032\122\241}{subsection.30.2}% 459
\BOOKMARK [3][-]{subsubsection.30.2.7}{\376\377\215\037\120\072\116\032\122\241}{subsection.30.2}% 460
\BOOKMARK [3][-]{subsubsection.30.2.8}{\376\377\000P\000P\000P\230\171\166\356\124\010\124\014}{subsection.30.2}% 461
\BOOKMARK [3][-]{subsubsection.30.2.9}{\376\377\220\350\225\350\377\010\123\125\117\115\377\011\124\010\136\166\215\042\122\241\142\245\210\150}{subsection.30.2}% 462
\BOOKMARK [2][-]{subsection.30.3}{\376\377\154\021\225\364\227\136\166\310\122\051\176\304\176\307\117\032\213\241}{section.30}% 463
\BOOKMARK [3][-]{subsubsection.30.3.1}{\376\377\154\021\225\364\227\136\166\310\122\051\176\304\176\307\117\032\213\241\151\202\217\360}{subsection.30.3}% 464
\BOOKMARK [3][-]{subsubsection.30.3.2}{\376\377\154\021\225\364\227\136\166\310\122\051\176\304\176\307\162\171\133\232\116\032\122\241\166\204\117\032\213\241\150\070\173\227}{subsection.30.3}% 465
